This is pdfTeX, Version 3.14159265-2.6-1.40.17 (MiKTeX 2.9.6210) (preloaded format=pdflatex 2017.2.7)  30 JUN 2019 11:57
entering extended mode
**./conei3d.tex
(conei3d.tex
LaTeX2e <2017/01/01> patch level 1
Babel <3.9r> and hyphenation patterns for 1 language(s) loaded.
(svjour3.cls
Document Class: svjour3 2007/05/08 v3.2 
LaTeX document class for Springer journals
(C:\CTEX\MiKTeX\tex/latex\base\fleqn.clo
File: fleqn.clo 2016/12/29 v1.2a Standard LaTeX option (flush left equations)
\mathindent=\dimen102
Applying: [2015/01/01] Make \[ robust on input line 50.
LaTeX Info: Redefining \[ on input line 51.
Already applied: [0000/00/00] Make \[ robust on input line 62.
Applying: [2015/01/01] Make \] robust on input line 74.
LaTeX Info: Redefining \] on input line 75.
Already applied: [0000/00/00] Make \] robust on input line 83.
)
Class Springer-SVJour3 Info: extra/valid Springer sub-package (-> *.clo) 
(Springer-SVJour3)           not found in option list of \documentclass
(Springer-SVJour3)           - autoactivating "global" style.
 (svglov3.clo
File: svglov3.clo 2009/12/18 v3.2 style option for standardised journals

SVJour Class option: svglov3.clo for standardised journals
)
LaTeX Font Info:    Redeclaring math symbol \Gamma on input line 147.
LaTeX Font Info:    Redeclaring math symbol \Delta on input line 148.
LaTeX Font Info:    Redeclaring math symbol \Theta on input line 149.
LaTeX Font Info:    Redeclaring math symbol \Lambda on input line 150.
LaTeX Font Info:    Redeclaring math symbol \Xi on input line 151.
LaTeX Font Info:    Redeclaring math symbol \Pi on input line 152.
LaTeX Font Info:    Redeclaring math symbol \Sigma on input line 153.
LaTeX Font Info:    Redeclaring math symbol \Upsilon on input line 154.
LaTeX Font Info:    Redeclaring math symbol \Phi on input line 155.
LaTeX Font Info:    Redeclaring math symbol \Psi on input line 156.
LaTeX Font Info:    Redeclaring math symbol \Omega on input line 157.
\logodepth=\dimen103
\headerboxheight=\dimen104
\betweenumberspace=\dimen105
\aftertext=\dimen106
\headlineindent=\dimen107
\c@inst=\count79
\c@auth=\count80
\instindent=\dimen108
\authrun=\box26
\authorrunning=\toks14
\titrun=\box27
\titlerunning=\toks15
\combirun=\box28
\c@lastpage=\count81
\rubricwidth=\dimen109
\c@section=\count82
\c@subsection=\count83
\c@subsubsection=\count84
\c@paragraph=\count85
\c@subparagraph=\count86
\spthmsep=\dimen110
\c@theorem=\count87
\c@case=\count88
\c@conjecture=\count89
\c@corollary=\count90
\c@definition=\count91
\c@example=\count92
\c@exercise=\count93
\c@lemma=\count94
\c@note=\count95
\c@problem=\count96
\c@property=\count97
\c@proposition=\count98
\c@question=\count99
\c@solution=\count100
\c@remark=\count101
\c@figure=\count102
\c@table=\count103
\abovecaptionskip=\skip41
\belowcaptionskip=\skip42
\figcapgap=\dimen111
\tabcapgap=\dimen112
\figgap=\dimen113
\bibindent=\dimen114
\@tempcntc=\count104
) (C:\CTEX\MiKTeX\tex/latex\graphics\graphicx.sty
Package: graphicx 2014/10/28 v1.0g Enhanced LaTeX Graphics (DPC,SPQR)

(C:\CTEX\MiKTeX\tex/latex\graphics\keyval.sty
Package: keyval 2014/10/28 v1.15 key=value parser (DPC)
\KV@toks@=\toks16
)
(C:\CTEX\MiKTeX\tex/latex\graphics\graphics.sty
Package: graphics 2016/10/09 v1.0u Standard LaTeX Graphics (DPC,SPQR)

(C:\CTEX\MiKTeX\tex/latex\graphics\trig.sty
Package: trig 2016/01/03 v1.10 sin cos tan (DPC)
)
(C:\CTEX\MiKTeX\tex/latex\graphics-cfg\graphics.cfg
File: graphics.cfg 2016/06/04 v1.11 sample graphics configuration
)
Package graphics Info: Driver file: pdftex.def on input line 99.

(C:\CTEX\MiKTeX\tex/latex\graphics-def\pdftex.def
File: pdftex.def 2017/01/12 v0.06k Graphics/color for pdfTeX

(C:\CTEX\MiKTeX\tex/generic\oberdiek\infwarerr.sty
Package: infwarerr 2016/05/16 v1.4 Providing info/warning/error messages (HO)
)
(C:\CTEX\MiKTeX\tex/generic\oberdiek\ltxcmds.sty
Package: ltxcmds 2016/05/16 v1.23 LaTeX kernel commands for general use (HO)
)
\Gread@gobject=\count105
))
\Gin@req@height=\dimen115
\Gin@req@width=\dimen116
)
(C:\CTEX\MiKTeX\tex/latex\tools\enumerate.sty
Package: enumerate 2015/07/23 v3.00 enumerate extensions (DPC)
\@enLab=\toks17
)
(C:\CTEX\MiKTeX\tex/latex\base\latexsym.sty
Package: latexsym 1998/08/17 v2.2e Standard LaTeX package (lasy symbols)
\symlasy=\mathgroup4
LaTeX Font Info:    Overwriting symbol font `lasy' in version `bold'
(Font)                  U/lasy/m/n --> U/lasy/b/n on input line 52.
)
(C:\CTEX\MiKTeX\tex/latex\amsfonts\amsfonts.sty
Package: amsfonts 2013/01/14 v3.01 Basic AMSFonts support
\@emptytoks=\toks18
\symAMSa=\mathgroup5
\symAMSb=\mathgroup6
LaTeX Font Info:    Overwriting math alphabet `\mathfrak' in version `bold'
(Font)                  U/euf/m/n --> U/euf/b/n on input line 106.
)
(C:\CTEX\MiKTeX\tex/latex\amsmath\amsmath.sty
Package: amsmath 2016/11/05 v2.16a AMS math features
\@mathmargin=\skip43

For additional information on amsmath, use the `?' option.
(C:\CTEX\MiKTeX\tex/latex\amsmath\amstext.sty
Package: amstext 2000/06/29 v2.01 AMS text

(C:\CTEX\MiKTeX\tex/latex\amsmath\amsgen.sty
File: amsgen.sty 1999/11/30 v2.0 generic functions
\@emptytoks=\toks19
\ex@=\dimen117
))
(C:\CTEX\MiKTeX\tex/latex\amsmath\amsbsy.sty
Package: amsbsy 1999/11/29 v1.2d Bold Symbols
\pmbraise@=\dimen118
)
(C:\CTEX\MiKTeX\tex/latex\amsmath\amsopn.sty
Package: amsopn 2016/03/08 v2.02 operator names
)
\inf@bad=\count106
LaTeX Info: Redefining \frac on input line 213.
\uproot@=\count107
\leftroot@=\count108
LaTeX Info: Redefining \overline on input line 375.
\classnum@=\count109
\DOTSCASE@=\count110
LaTeX Info: Redefining \ldots on input line 472.
LaTeX Info: Redefining \dots on input line 475.
LaTeX Info: Redefining \cdots on input line 596.
\Mathstrutbox@=\box29
\strutbox@=\box30
\big@size=\dimen119
LaTeX Font Info:    Redeclaring font encoding OML on input line 712.
LaTeX Font Info:    Redeclaring font encoding OMS on input line 713.


Package amsmath Warning: Unable to redefine math accent \vec.

\macc@depth=\count111
\c@MaxMatrixCols=\count112
\dotsspace@=\muskip10
\c@parentequation=\count113
\dspbrk@lvl=\count114
\tag@help=\toks20
\row@=\count115
\column@=\count116
\maxfields@=\count117
\andhelp@=\toks21
\eqnshift@=\dimen120
\alignsep@=\dimen121
\tagshift@=\dimen122
\tagwidth@=\dimen123
\totwidth@=\dimen124
\lineht@=\dimen125
\@envbody=\toks22
\multlinegap=\skip44
\multlinetaggap=\skip45
\mathdisplay@stack=\toks23
LaTeX Info: Redefining \[ on input line 2817.
LaTeX Info: Redefining \] on input line 2818.
) (C:\CTEX\MiKTeX\tex/latex\amsfonts\amssymb.sty
Package: amssymb 2013/01/14 v3.01 AMS font symbols
)
(C:\CTEX\UserData\tex\latex\stmaryrd\stmaryrd.sty
Package: stmaryrd 1994/03/03 St Mary's Road symbol package
\symstmry=\mathgroup7
LaTeX Font Info:    Overwriting symbol font `stmry' in version `bold'
(Font)                  U/stmry/m/n --> U/stmry/b/n on input line 89.
)
(C:\CTEX\MiKTeX\tex/latex\graphics\color.sty
Package: color 2016/07/10 v1.1e Standard LaTeX Color (DPC)

(C:\CTEX\MiKTeX\tex/latex\graphics-cfg\color.cfg
File: color.cfg 2016/01/02 v1.6 sample color configuration
)
Package color Info: Driver file: pdftex.def on input line 147.
)
(C:\CTEX\UserData\tex\latex\colortbl\colortbl.sty
Package: colortbl 2012/02/13 v1.0a Color table columns (DPC)

(C:\CTEX\MiKTeX\tex/latex\tools\array.sty
Package: array 2016/10/06 v2.4d Tabular extension package (FMi)
\col@sep=\dimen126
\extrarowheight=\dimen127
\NC@list=\toks24
\extratabsurround=\skip46
\backup@length=\skip47
)
\everycr=\toks25
\minrowclearance=\skip48
)
(C:\CTEX\MiKTeX\tex/latex\graphics\epsfig.sty
Package: epsfig 1999/02/16 v1.7a (e)psfig emulation (SPQR)
\epsfxsize=\dimen128
\epsfysize=\dimen129
)
(C:\CTEX\MiKTeX\tex/latex\tools\xspace.sty
Package: xspace 2014/10/28 v1.13 Space after command names (DPC,MH)
)
(C:\CTEX\UserData\tex\latex\esvect\esvect.sty
Package: esvect 
\symesvector=\mathgroup8
)
(C:\CTEX\UserData\tex\latex\subfigure\subfigure.sty
Package: subfigure 2002/07/30 v2.1.4 subfigure package
\subfigtopskip=\skip49
\subfigcapskip=\skip50
\subfigcaptopadj=\dimen130
\subfigbottomskip=\skip51
\subfigcapmargin=\dimen131
\subfiglabelskip=\skip52
\c@subfigure=\count118
\c@lofdepth=\count119
\c@subtable=\count120
\c@lotdepth=\count121

****************************************
* Local config file subfigure.cfg used *
****************************************
(C:\CTEX\UserData\tex\latex\subfigure\subfigure.cfg)
\subfig@top=\skip53
\subfig@bottom=\skip54
)
(C:\CTEX\UserData\tex\latex\preprint\balance.sty
Package: balance 1999/02/23 4.3 (PWD)
\oldvsize=\dimen132
)
(C:\CTEX\UserData\tex\latex\cite\cite.sty
LaTeX Info: Redefining \cite on input line 302.
LaTeX Info: Redefining \nocite on input line 332.
Package: cite 2015/02/27  v 5.5
)
(C:\CTEX\MiKTeX\tex/generic\babel\babel.sty
Package: babel 2016/04/23 3.9r The Babel package

*************************************
* Local config file bblopts.cfg used
*
(C:\CTEX\UserData\tex\latex\arabi\bblopts.cfg
File: bblopts.cfg 2005/09/08 v0.1 add Arabic and Farsi to "declared" options of
 babel
)
(C:\CTEX\MiKTeX\tex/latex\babel-english\english.ldf
Language: english 2017/01/24 v3.3q English support from the babel system

(C:\CTEX\MiKTeX\tex/generic\babel\babel.def
File: babel.def 2016/04/23 3.9r Babel common definitions
\babel@savecnt=\count122
\U@D=\dimen133
)
\l@british = a dialect from \language\l@english 
\l@UKenglish = a dialect from \language\l@english 
\l@american = a dialect from \language\l@english 
\l@canadian = a dialect from \language\l@american 
\l@australian = a dialect from \language\l@british 
\l@newzealand = a dialect from \language\l@british 
))
(C:\CTEX\MiKTeX\tex/latex\multirow\multirow.sty
Package: multirow 2016/11/25 v2.2 Span multiple rows of a table
\multirow@colwidth=\skip55
\multirow@cntb=\count123
\multirow@dima=\skip56
\bigstrutjot=\dimen134
)
(C:\CTEX\UserData\tex\latex\url\url.sty
\Urlmuskip=\muskip11
Package: url 2013/09/16  ver 3.4  Verb mode for urls, etc.
)
\c@ccc=\count124
\c@prop=\count125
\c@cor=\count126
\c@alg=\count127
\c@arule=\count128
 (conei3d.aux)
\openout1 = `conei3d.aux'.

LaTeX Font Info:    Checking defaults for OML/cmm/m/it on input line 732.
LaTeX Font Info:    ... okay on input line 732.
LaTeX Font Info:    Checking defaults for T1/cmr/m/n on input line 732.
LaTeX Font Info:    ... okay on input line 732.
LaTeX Font Info:    Checking defaults for OT1/cmr/m/n on input line 732.
LaTeX Font Info:    ... okay on input line 732.
LaTeX Font Info:    Checking defaults for OMS/cmsy/m/n on input line 732.
LaTeX Font Info:    ... okay on input line 732.
LaTeX Font Info:    Checking defaults for OMX/cmex/m/n on input line 732.
LaTeX Font Info:    ... okay on input line 732.
LaTeX Font Info:    Checking defaults for U/cmr/m/n on input line 732.
LaTeX Font Info:    ... okay on input line 732.

Unknown journal: specify \journalname{<name of your journal>} in preambel

(C:\CTEX\UserData\tex\context\base\supp-pdf.mkii
[Loading MPS to PDF converter (version 2006.09.02).]
\scratchcounter=\count129
\scratchdimen=\dimen135
\scratchbox=\box31
\nofMPsegments=\count130
\nofMParguments=\count131
\everyMPshowfont=\toks26
\MPscratchCnt=\count132
\MPscratchDim=\dimen136
\MPnumerator=\count133
\makeMPintoPDFobject=\count134
\everyMPtoPDFconversion=\toks27
) (C:\CTEX\MiKTeX\tex/generic\oberdiek\pdftexcmds.sty
Package: pdftexcmds 2016/05/21 v0.22 Utility functions of pdfTeX for LuaTeX (HO
)

(C:\CTEX\MiKTeX\tex/generic\oberdiek\ifluatex.sty
Package: ifluatex 2016/05/16 v1.4 Provides the ifluatex switch (HO)
Package ifluatex Info: LuaTeX not detected.
)
(C:\CTEX\MiKTeX\tex/generic\oberdiek\ifpdf.sty
Package: ifpdf 2016/05/14 v3.1 Provides the ifpdf switch
)
Package pdftexcmds Info: LuaTeX not detected.
Package pdftexcmds Info: \pdf@primitive is available.
Package pdftexcmds Info: \pdf@ifprimitive is available.
Package pdftexcmds Info: \pdfdraftmode found.
)
(C:\CTEX\MiKTeX\tex/latex\oberdiek\epstopdf-base.sty
Package: epstopdf-base 2016/05/15 v2.6 Base part for package epstopdf

(C:\CTEX\MiKTeX\tex/latex\oberdiek\grfext.sty
Package: grfext 2016/05/16 v1.2 Manage graphics extensions (HO)

(C:\CTEX\MiKTeX\tex/generic\oberdiek\kvdefinekeys.sty
Package: kvdefinekeys 2016/05/16 v1.4 Define keys (HO)
))
(C:\CTEX\MiKTeX\tex/latex\oberdiek\kvoptions.sty
Package: kvoptions 2016/05/16 v3.12 Key value format for package options (HO)

(C:\CTEX\MiKTeX\tex/generic\oberdiek\kvsetkeys.sty
Package: kvsetkeys 2016/05/16 v1.17 Key value parser (HO)

(C:\CTEX\MiKTeX\tex/generic\oberdiek\etexcmds.sty
Package: etexcmds 2016/05/16 v1.6 Avoid name clashes with e-TeX commands (HO)
Package etexcmds Info: Could not find \expanded.
(etexcmds)             That can mean that you are not using pdfTeX 1.50 or
(etexcmds)             that some package has redefined \expanded.
(etexcmds)             In the latter case, load this package earlier.
)))
Package epstopdf-base Info: Redefining graphics rule for `.eps' on input line 4
38.
Package grfext Info: Graphics extension search list:
(grfext)             [.png,.pdf,.jpg,.mps,.jpeg,.jbig2,.jb2,.PNG,.PDF,.JPG,.JPE
G,.JBIG2,.JB2,.eps]
(grfext)             \AppendGraphicsExtensions on input line 456.
)
SVJour3 warning: Missing \journalname

LaTeX Font Warning: Font shape `OT1/cmr/bx/n' in size <16> not available
(Font)              size <17.28> substituted on input line 757.

LaTeX Font Info:    Try loading font information for U+lasy on input line 757.
(C:\CTEX\MiKTeX\tex/latex\base\ulasy.fd
File: ulasy.fd 1998/08/17 v2.2e LaTeX symbol font definitions
)
LaTeX Font Info:    Font shape `U/lasy/b/n' in size <7> not available
(Font)              Font shape `U/lasy/m/n' tried instead on input line 757.
LaTeX Font Info:    Font shape `U/lasy/b/n' in size <5> not available
(Font)              Font shape `U/lasy/m/n' tried instead on input line 757.
LaTeX Font Info:    Try loading font information for U+msa on input line 757.

(C:\CTEX\MiKTeX\tex/latex\amsfonts\umsa.fd
File: umsa.fd 2013/01/14 v3.01 AMS symbols A
)
LaTeX Font Info:    Try loading font information for U+msb on input line 757.

(C:\CTEX\MiKTeX\tex/latex\amsfonts\umsb.fd
File: umsb.fd 2013/01/14 v3.01 AMS symbols B
)
LaTeX Font Info:    Try loading font information for U+stmry on input line 757.


(C:\CTEX\UserData\tex\latex\stmaryrd\ustmry.fd)

LaTeX Font Warning: Font shape `U/stmry/b/n' undefined
(Font)              using `U/stmry/m/n' instead on input line 757.

LaTeX Font Info:    Try loading font information for U+esvect on input line 757
.
(C:\CTEX\UserData\tex\latex\esvect\uesvect.fd
File: uesvect.fd 
)
LaTeX Font Info:    Calculating math sizes for size <8.5> on input line 757.


LaTeX Font Warning: Font shape `OML/cmm/m/it' in size <8.5> not available
(Font)              size <8> substituted on input line 757.


LaTeX Font Warning: Font shape `OML/cmm/m/it' in size <4.25> not available
(Font)              size <5> substituted on input line 757.


LaTeX Font Warning: Font shape `OMS/cmsy/m/n' in size <8.5> not available
(Font)              size <8> substituted on input line 757.


LaTeX Font Warning: Font shape `OMS/cmsy/m/n' in size <4.25> not available
(Font)              size <5> substituted on input line 757.


LaTeX Font Warning: Font shape `U/lasy/m/n' in size <8.5> not available
(Font)              size <8> substituted on input line 757.


LaTeX Font Warning: Font shape `U/lasy/m/n' in size <4.25> not available
(Font)              size <5> substituted on input line 757.


LaTeX Font Warning: Font shape `U/stmry/m/n' in size <8.5> not available
(Font)              size <8> substituted on input line 757.


LaTeX Font Warning: Font shape `U/stmry/m/n' in size <4.25> not available
(Font)              size <5> substituted on input line 757.


LaTeX Font Warning: Font shape `U/esvect/m/n' in size <8.5> not available
(Font)              size <8> substituted on input line 757.


LaTeX Font Warning: Font shape `U/esvect/m/n' in size <4.25> not available
(Font)              size <5> substituted on input line 757.

LaTeX Font Info:    Try loading font information for OMS+cmr on input line 757.

(C:\CTEX\MiKTeX\tex/latex\base\omscmr.fd
File: omscmr.fd 2014/09/29 v2.5h Standard LaTeX font definitions
)
LaTeX Font Info:    Font shape `OMS/cmr/m/n' in size <8.5> not available
(Font)              Font shape `OMS/cmsy/m/n' tried instead on input line 757.


LaTeX Font Warning: Font shape `OMS/cmsy/m/n' in size <8.5> not available
(Font)              size <8> substituted on input line 757.

<./Fig-Distances.png, id=1, 168.63pt x 99.9735pt>
File: ./Fig-Distances.png Graphic file (type png)
 <use ./Fig-Distances.png>
Package pdftex.def Info: ./Fig-Distances.png used on input line 803.
(pdftex.def)             Requested size: 202.35497pt x 119.96758pt.


LaTeX Font Warning: Font shape `OT1/cmr/bx/n' in size <8.5> not available
(Font)              size <8> substituted on input line 805.


LaTeX Font Warning: Font shape `OT1/cmss/m/n' in size <8.5> not available
(Font)              size <8> substituted on input line 805.


LaTeX Font Warning: Font shape `OT1/cmss/m/n' in size <4.25> not available
(Font)              size <5> substituted on input line 805.


LaTeX Font Warning: Font shape `OT1/cmr/m/it' in size <8.5> not available
(Font)              size <8> substituted on input line 805.


Underfull \vbox (badness 1038) has occurred while \output is active []

 [1{C:/CTEX/UserData/pdftex/config/pdftex.map{Unicode.sfd}{UGBK.sfd}}


]
Underfull \vbox (badness 2856) has occurred while \output is active []

 [2 <./Fig-Distances.png>] <./Fig-DP.png, id=28, 617.4267pt x 133.6995pt>
File: ./Fig-DP.png Graphic file (type png)

<use ./Fig-DP.png>
Package pdftex.def Info: ./Fig-DP.png used on input line 944.
(pdftex.def)             Requested size: 481.59088pt x 104.28517pt.

Overfull \hbox (12.96335pt too wide) in paragraph at lines 970--1029
 [][] 
 []

[3]
Underfull \hbox (badness 1571) in paragraph at lines 1077--1078
\OT1/cmr/bx/n/10 Synchronous Eu-clidean Dis-tance ($[]$) [20]\OT1/cmr/m/n/10 .
 []


Underfull \vbox (badness 10000) has occurred while \output is active []

LaTeX Font Info:    Font shape `OMS/cmr/m/n' in size <10> not available
(Font)              Font shape `OMS/cmsy/m/n' tried instead on input line 1091.

 [4 <./Fig-DP.png>] <./Fig-sleeve.png, id=43, 628.5081pt x 122.6181pt>
File: ./Fig-sleeve.png Graphic file (type png)

<use ./Fig-sleeve.png>
Package pdftex.def Info: ./Fig-sleeve.png used on input line 1131.
(pdftex.def)             Requested size: 490.23434pt x 95.64171pt.

Underfull \hbox (badness 3646) in paragraph at lines 1159--1163
[]\OT1/cmr/m/n/10 The point $\OML/cmm/m/it/10 Q$ \OT1/cmr/m/n/10 may not be-lon
g to $\OMS/cmsy/m/n/10 f\OML/cmm/m/it/10 P[]; P[];$
 []


Underfull \hbox (badness 2591) in paragraph at lines 1171--1172
[]\OT1/cmr/m/n/10 Consider Fig-ure 3[]. An $[]$ based sim-
 []


Underfull \hbox (badness 2809) in paragraph at lines 1171--1172
\OT1/cmr/m/n/10 pli-fi-ca-tion al-go-rithm takes as in-put a tra-jec-tory
 []

[5] <./Fig-convex-poly-inter.png, id=49, 243.309pt x 216.3282pt>
File: ./Fig-convex-poly-inter.png Graphic file (type png)

<use ./Fig-convex-poly-inter.png>
Package pdftex.def Info: ./Fig-convex-poly-inter.png used on input line 1220.
(pdftex.def)             Requested size: 223.84329pt x 199.02106pt.
 [6 <./Fig-sleeve.png> <./Fig-convex-poly-inter.png>]
Underfull \hbox (badness 1546) in paragraph at lines 1372--1373
\OT1/cmr/m/n/10 (2) Fig-ure 6[] also il-lus-trates two ex-am-ple spatio-
 []


Underfull \hbox (badness 10000) in paragraph at lines 1372--1373
\OT1/cmr/m/n/10 temporal cones: $\OMS/cmsy/m/n/10 C[]$ \OT1/cmr/m/n/10 (pur-ple
) and
 []

<./Fig-CIS.png, id=55, 299.9205pt x 215.6055pt>
File: ./Fig-CIS.png Graphic file (type png)
 <use ./Fig-CIS.png>
Package pdftex.def Info: ./Fig-CIS.png used on input line 1386.
(pdftex.def)             Requested size: 197.94814pt x 142.30006pt.
 [7 <./Fig-CIS.png>]
Underfull \hbox (badness 2452) in paragraph at lines 1452--1453
[]\OT1/cmr/m/n/10 In Fig-ure 7[], the green dashed cir-cles
 []

<./Fig-project-circle.png, id=61, 235.1184pt x 153.2124pt>
File: ./Fig-project-circle.png Graphic file (type png)

<use ./Fig-project-circle.png>
Package pdftex.def Info: ./Fig-project-circle.png used on input line 1471.
(pdftex.def)             Requested size: 164.58173pt x 107.24792pt.

<./Fig-polygons.png, id=62, 236.3229pt x 122.6181pt>
File: ./Fig-polygons.png Graphic file (type png)
 <use ./Fig-polygons.png>
Package pdftex.def Info: ./Fig-polygons.png used on input line 1535.
(pdftex.def)             Requested size: 200.8754pt x 104.22586pt.

[8 <./Fig-project-circle.png> <./Fig-polygons.png>]

LaTeX Font Warning: Command \small invalid in math mode on input line 1581.

<./Fig-r-poly-rule1.png, id=69, 292.4526pt x 100.4553pt>
File: ./Fig-r-poly-rule1.png Graphic file (type png)

<use ./Fig-r-poly-rule1.png>
Package pdftex.def Info: ./Fig-r-poly-rule1.png used on input line 1621.
(pdftex.def)             Requested size: 239.81268pt x 82.37387pt.

Overfull \hbox (0.84851pt too wide) in paragraph at lines 1621--1623
 [][] 
 []

[9 <./Fig-r-poly-rule1.png>]
<./Fig-Ex-Conest.png, id=74, 589.0005pt x 127.1952pt>
File: ./Fig-Ex-Conest.png Graphic file (type png)

<use ./Fig-Ex-Conest.png>
Package pdftex.def Info: ./Fig-Ex-Conest.png used on input line 1774.
(pdftex.def)             Requested size: 471.20103pt x 101.75629pt.

Underfull \hbox (badness 8075) in paragraph at lines 1789--1790
[]\OT1/cmr/m/it/10 There ex-ist ef-fec-tive one-pass er-ror
 []

<./Fig-Conesta.png, id=75, 613.0905pt x 137.313pt>
File: ./Fig-Conesta.png Graphic file (type png)
 <use ./Fig-Conesta.png>
Package pdftex.def Info: ./Fig-Conesta.png used on input line 1902.
(pdftex.def)             Requested size: 484.33618pt x 108.47606pt.

Underfull \hbox (badness 1043) in paragraph at lines 1913--1915
[]\OT1/cmr/m/n/10 Figure 10[] shows a run-ning ex-am-ple of
 []

[10]
Underfull \hbox (badness 10000) in paragraph at lines 1940--1947
\OT1/cmr/bx/n/10 Algorithm $[]$-$\OT1/cmss/m/n/10 W$\OT1/cmr/m/n/10 . Given a t
ra-jec-tory
 []


Underfull \hbox (badness 1320) in paragraph at lines 1940--1947
[]$$[]$\OT1/cmr/m/n/10 , an er-ror bound $\OML/cmm/m/it/10 $ \OT1/cmr/m/n/10 a
nd the num-ber
 []

[11 <./Fig-Ex-Conest.png>] [12 <./Fig-Conesta.png>]
<./Exp-M-e-60-CR-service.png, id=85, 398.9304pt x 397.485pt>
File: ./Exp-M-e-60-CR-service.png Graphic file (type png)

<use ./Exp-M-e-60-CR-service.png>
Package pdftex.def Info: ./Exp-M-e-60-CR-service.png used on input line 2165.
(pdftex.def)             Requested size: 115.68684pt x 115.26768pt.

<./Exp-M-e-60-CR-geolife.png, id=86, 398.9304pt x 397.485pt>
File: ./Exp-M-e-60-CR-geolife.png Graphic file (type png)

<use ./Exp-M-e-60-CR-geolife.png>
Package pdftex.def Info: ./Exp-M-e-60-CR-geolife.png used on input line 2166.
(pdftex.def)             Requested size: 115.68684pt x 115.26768pt.

<./Exp-M-e-60-CR-mopsi.png, id=87, 398.9304pt x 397.485pt>
File: ./Exp-M-e-60-CR-mopsi.png Graphic file (type png)

<use ./Exp-M-e-60-CR-mopsi.png>
Package pdftex.def Info: ./Exp-M-e-60-CR-mopsi.png used on input line 2167.
(pdftex.def)             Requested size: 115.68684pt x 115.26768pt.

<./Exp-M-e-60-CR-private.png, id=88, 398.9304pt x 397.485pt>
File: ./Exp-M-e-60-CR-private.png Graphic file (type png)

<use ./Exp-M-e-60-CR-private.png>
Package pdftex.def Info: ./Exp-M-e-60-CR-private.png used on input line 2168.
(pdftex.def)             Requested size: 115.68684pt x 115.26768pt.

<./Exp-CR-epsilon-service.png, id=89, 398.9304pt x 397.485pt>
File: ./Exp-CR-epsilon-service.png Graphic file (type png)

<use ./Exp-CR-epsilon-service.png>
Package pdftex.def Info: ./Exp-CR-epsilon-service.png used on input line 2179.
(pdftex.def)             Requested size: 115.68684pt x 115.26768pt.

<./Exp-CR-epsilon-geolife.png, id=90, 398.9304pt x 397.485pt>
File: ./Exp-CR-epsilon-geolife.png Graphic file (type png)

<use ./Exp-CR-epsilon-geolife.png>
Package pdftex.def Info: ./Exp-CR-epsilon-geolife.png used on input line 2180.
(pdftex.def)             Requested size: 115.68684pt x 115.26768pt.

<./Exp-CR-epsilon-mopsi.png, id=91, 398.9304pt x 397.485pt>
File: ./Exp-CR-epsilon-mopsi.png Graphic file (type png)

<use ./Exp-CR-epsilon-mopsi.png>
Package pdftex.def Info: ./Exp-CR-epsilon-mopsi.png used on input line 2181.
(pdftex.def)             Requested size: 115.68684pt x 115.26768pt.

<./Exp-CR-epsilon-private.png, id=92, 398.9304pt x 397.485pt>
File: ./Exp-CR-epsilon-private.png Graphic file (type png)

<use ./Exp-CR-epsilon-private.png>
Package pdftex.def Info: ./Exp-CR-epsilon-private.png used on input line 2182.
(pdftex.def)             Requested size: 115.68684pt x 115.26768pt.

<./Exp-opt-CR-epsilon-service.png, id=93, 398.2077pt x 397.485pt>
File: ./Exp-opt-CR-epsilon-service.png Graphic file (type png)

<use ./Exp-opt-CR-epsilon-service.png>
Package pdftex.def Info: ./Exp-opt-CR-epsilon-service.png used on input line 21
93.
(pdftex.def)             Requested size: 115.47726pt x 115.26768pt.

<./Exp-opt-CR-epsilon-geolife.png, id=94, 398.9304pt x 397.485pt>
File: ./Exp-opt-CR-epsilon-geolife.png Graphic file (type png)

<use ./Exp-opt-CR-epsilon-geolife.png>
Package pdftex.def Info: ./Exp-opt-CR-epsilon-geolife.png used on input line 21
94.
(pdftex.def)             Requested size: 115.68684pt x 115.26768pt.

<./Exp-opt-CR-epsilon-mopsi.png, id=95, 398.9304pt x 397.485pt>
File: ./Exp-opt-CR-epsilon-mopsi.png Graphic file (type png)

<use ./Exp-opt-CR-epsilon-mopsi.png>
Package pdftex.def Info: ./Exp-opt-CR-epsilon-mopsi.png used on input line 2195
.
(pdftex.def)             Requested size: 115.68684pt x 115.26768pt.

<./Exp-opt-CR-epsilon-private.png, id=96, 398.9304pt x 397.485pt>
File: ./Exp-opt-CR-epsilon-private.png Graphic file (type png)

<use ./Exp-opt-CR-epsilon-private.png>
Package pdftex.def Info: ./Exp-opt-CR-epsilon-private.png used on input line 21
96.
(pdftex.def)             Requested size: 115.68684pt x 115.26768pt.

<./Exp-CR-size-service.png, id=97, 398.9304pt x 397.485pt>
File: ./Exp-CR-size-service.png Graphic file (type png)

<use ./Exp-CR-size-service.png>
Package pdftex.def Info: ./Exp-CR-size-service.png used on input line 2207.
(pdftex.def)             Requested size: 115.68684pt x 115.26768pt.

<./Exp-CR-size-geolife.png, id=98, 398.9304pt x 397.485pt>
File: ./Exp-CR-size-geolife.png Graphic file (type png)

<use ./Exp-CR-size-geolife.png>
Package pdftex.def Info: ./Exp-CR-size-geolife.png used on input line 2208.
(pdftex.def)             Requested size: 115.68684pt x 115.26768pt.

<./Exp-CR-size-mopsi.png, id=99, 398.9304pt x 397.485pt>
File: ./Exp-CR-size-mopsi.png Graphic file (type png)

<use ./Exp-CR-size-mopsi.png>
Package pdftex.def Info: ./Exp-CR-size-mopsi.png used on input line 2209.
(pdftex.def)             Requested size: 115.68684pt x 115.26768pt.

<./Exp-CR-size-private.png, id=100, 398.9304pt x 397.485pt>
File: ./Exp-CR-size-private.png Graphic file (type png)

<use ./Exp-CR-size-private.png>
Package pdftex.def Info: ./Exp-CR-size-private.png used on input line 2210.
(pdftex.def)             Requested size: 115.68684pt x 115.26768pt.

Underfull \hbox (badness 10000) in paragraph at lines 2225--2226
\OT1/cmr/m/n/10 (1) Al-go-rithms $[]$-$\OT1/cmss/m/n/10 S$ \OT1/cmr/m/n/10 and 
$[]$-$\OT1/cmss/m/n/10 W$ \OT1/cmr/m/n/10 us-ing
 []


Underfull \hbox (badness 3679) in paragraph at lines 2225--2226
[]$ \OT1/cmr/m/n/10 have the same com-pres-sion ra-tios
 []


Underfull \hbox (badness 1342) in paragraph at lines 2242--2246
\OT1/cmr/bx/n/10 Exp-1.2: Im-pacts of the er-ror bound $\OML/cmm/m/it/10 $ \OT
1/cmr/bx/n/10 on
 []


Underfull \hbox (badness 2671) in paragraph at lines 2255--2263
\OT1/cmr/m/n/10 close to $[]$ on all datasets and for all $\OML/cmm/m/it/10 $\
OT1/cmr/m/n/10 .
 []

[13]
Underfull \hbox (badness 1117) in paragraph at lines 2266--2273
\OT1/cmr/m/n/10 For ex-am-ple, when $\OML/cmm/m/it/10 $ \OT1/cmr/m/n/10 = $40$
 me-ters, the com-pres-
 []


Underfull \vbox (badness 10000) has occurred while \output is active []

 [14 <./Exp-M-e-60-CR-service.png> <./Exp-M-e-60-CR-geolife.png> <./Exp-M-e-60-
CR-mopsi.png> <./Exp-M-e-60-CR-private.png> <./Exp-CR-epsilon-service.png> <./E
xp-CR-epsilon-geolife.png> <./Exp-CR-epsilon-mopsi.png> <./Exp-CR-epsilon-priva
te.png> <./Exp-opt-CR-epsilon-service.png> <./Exp-opt-CR-epsilon-geolife.png> <
./Exp-opt-CR-epsilon-mopsi.png> <./Exp-opt-CR-epsilon-private.png> <./Exp-CR-si
ze-service.png> <./Exp-CR-size-geolife.png> <./Exp-CR-size-mopsi.png> <./Exp-CR
-size-private.png>] <./Exp-M-e-60-error-service.png, id=124, 398.9304pt x 397.4
85pt>
File: ./Exp-M-e-60-error-service.png Graphic file (type png)

<use ./Exp-M-e-60-error-service.png>
Package pdftex.def Info: ./Exp-M-e-60-error-service.png used on input line 2319
.
(pdftex.def)             Requested size: 115.68684pt x 115.26768pt.

<./Exp-M-e-60-error-geolife.png, id=125, 398.9304pt x 397.485pt>
File: ./Exp-M-e-60-error-geolife.png Graphic file (type png)

<use ./Exp-M-e-60-error-geolife.png>
Package pdftex.def Info: ./Exp-M-e-60-error-geolife.png used on input line 2320
.
(pdftex.def)             Requested size: 115.68684pt x 115.26768pt.

<./Exp-M-e-60-error-mopsi.png, id=126, 398.9304pt x 397.485pt>
File: ./Exp-M-e-60-error-mopsi.png Graphic file (type png)

<use ./Exp-M-e-60-error-mopsi.png>
Package pdftex.def Info: ./Exp-M-e-60-error-mopsi.png used on input line 2321.
(pdftex.def)             Requested size: 115.68684pt x 115.26768pt.

<./Exp-M-e-60-error-private.png, id=127, 398.9304pt x 397.485pt>
File: ./Exp-M-e-60-error-private.png Graphic file (type png)

<use ./Exp-M-e-60-error-private.png>
Package pdftex.def Info: ./Exp-M-e-60-error-private.png used on input line 2322
.
(pdftex.def)             Requested size: 115.68684pt x 115.26768pt.

<./Exp-error-epsilon-service.png, id=128, 398.2077pt x 397.485pt>
File: ./Exp-error-epsilon-service.png Graphic file (type png)

<use ./Exp-error-epsilon-service.png>
Package pdftex.def Info: ./Exp-error-epsilon-service.png used on input line 233
3.
(pdftex.def)             Requested size: 115.47726pt x 115.26768pt.

<./Exp-error-epsilon-geolife.png, id=129, 398.2077pt x 397.485pt>
File: ./Exp-error-epsilon-geolife.png Graphic file (type png)

<use ./Exp-error-epsilon-geolife.png>
Package pdftex.def Info: ./Exp-error-epsilon-geolife.png used on input line 233
4.
(pdftex.def)             Requested size: 115.47726pt x 115.26768pt.

<./Exp-error-epsilon-mopsi.png, id=130, 398.2077pt x 397.485pt>
File: ./Exp-error-epsilon-mopsi.png Graphic file (type png)

<use ./Exp-error-epsilon-mopsi.png>
Package pdftex.def Info: ./Exp-error-epsilon-mopsi.png used on input line 2335.

(pdftex.def)             Requested size: 115.47726pt x 115.26768pt.

<./Exp-error-epsilon-private.png, id=131, 398.2077pt x 397.485pt>
File: ./Exp-error-epsilon-private.png Graphic file (type png)

<use ./Exp-error-epsilon-private.png>
Package pdftex.def Info: ./Exp-error-epsilon-private.png used on input line 233
6.
(pdftex.def)             Requested size: 115.47726pt x 115.26768pt.

<./Exp-opt-error-epsilon-service.png, id=132, 398.2077pt x 397.485pt>
File: ./Exp-opt-error-epsilon-service.png Graphic file (type png)

<use ./Exp-opt-error-epsilon-service.png>
Package pdftex.def Info: ./Exp-opt-error-epsilon-service.png used on input line
 2349.
(pdftex.def)             Requested size: 115.47726pt x 115.26768pt.

<./Exp-opt-error-epsilon-geolife.png, id=133, 398.2077pt x 397.485pt>
File: ./Exp-opt-error-epsilon-geolife.png Graphic file (type png)

<use ./Exp-opt-error-epsilon-geolife.png>
Package pdftex.def Info: ./Exp-opt-error-epsilon-geolife.png used on input line
 2350.
(pdftex.def)             Requested size: 115.47726pt x 115.26768pt.

<./Exp-opt-error-epsilon-mopsi.png, id=134, 398.2077pt x 397.485pt>
File: ./Exp-opt-error-epsilon-mopsi.png Graphic file (type png)

<use ./Exp-opt-error-epsilon-mopsi.png>
Package pdftex.def Info: ./Exp-opt-error-epsilon-mopsi.png used on input line 2
351.
(pdftex.def)             Requested size: 115.47726pt x 115.26768pt.

<./Exp-opt-error-epsilon-private.png, id=135, 398.2077pt x 397.485pt>
File: ./Exp-opt-error-epsilon-private.png Graphic file (type png)

<use ./Exp-opt-error-epsilon-private.png>
Package pdftex.def Info: ./Exp-opt-error-epsilon-private.png used on input line
 2352.
(pdftex.def)             Requested size: 115.47726pt x 115.26768pt.

<./Exp-error-size-service.png, id=136, 398.9304pt x 397.485pt>
File: ./Exp-error-size-service.png Graphic file (type png)

<use ./Exp-error-size-service.png>
Package pdftex.def Info: ./Exp-error-size-service.png used on input line 2364.
(pdftex.def)             Requested size: 115.68684pt x 115.26768pt.

<./Exp-error-size-geolife.png, id=137, 398.9304pt x 397.485pt>
File: ./Exp-error-size-geolife.png Graphic file (type png)

<use ./Exp-error-size-geolife.png>
Package pdftex.def Info: ./Exp-error-size-geolife.png used on input line 2365.
(pdftex.def)             Requested size: 115.68684pt x 115.26768pt.

<./Exp-error-size-mopsi.png, id=138, 398.9304pt x 397.485pt>
File: ./Exp-error-size-mopsi.png Graphic file (type png)

<use ./Exp-error-size-mopsi.png>
Package pdftex.def Info: ./Exp-error-size-mopsi.png used on input line 2366.
(pdftex.def)             Requested size: 115.68684pt x 115.26768pt.

<./Exp-error-size-private.png, id=139, 398.9304pt x 397.485pt>
File: ./Exp-error-size-private.png Graphic file (type png)

<use ./Exp-error-size-private.png>
Package pdftex.def Info: ./Exp-error-size-private.png used on input line 2367.
(pdftex.def)             Requested size: 115.68684pt x 115.26768pt.

Underfull \hbox (badness 10000) in paragraph at lines 2394--2395
\OT1/cmr/m/n/10 (1) Al-go-rithms $[]$-$\OT1/cmss/m/n/10 S$ \OT1/cmr/m/n/10 and 
$[]$-$\OT1/cmss/m/n/10 W$ \OT1/cmr/m/n/10 us-ing
 []


Underfull \hbox (badness 4366) in paragraph at lines 2394--2395
[]$ \OT1/cmr/m/n/10 have the same av-er-age er-rors as
 []


Underfull \hbox (badness 1043) in paragraph at lines 2420--2428
\OT1/cmr/m/n/10 207\OML/cmm/m/it/10 :\OT1/cmr/m/n/10 5%$, $200\OML/cmm/m/it/10 
:\OT1/cmr/m/n/10 9%$, $217\OML/cmm/m/it/10 :\OT1/cmr/m/n/10 5%$) of $[]$ and ($
188\OML/cmm/m/it/10 :\OT1/cmr/m/n/10 2%$,
 []

[15]
Underfull \vbox (badness 10000) has occurred while \output is active []


Underfull \vbox (badness 10000) has occurred while \output is active []

 [16 <./Exp-M-e-60-error-service.png> <./Exp-M-e-60-error-geolife.png> <./Exp-M
-e-60-error-mopsi.png> <./Exp-M-e-60-error-private.png> <./Exp-error-epsilon-se
rvice.png> <./Exp-error-epsilon-geolife.png> <./Exp-error-epsilon-mopsi.png> <.
/Exp-error-epsilon-private.png> <./Exp-opt-error-epsilon-service.png> <./Exp-op
t-error-epsilon-geolife.png> <./Exp-opt-error-epsilon-mopsi.png> <./Exp-opt-err
or-epsilon-private.png> <./Exp-error-size-service.png> <./Exp-error-size-geolif
e.png> <./Exp-error-size-mopsi.png> <./Exp-error-size-private.png>]
Underfull \hbox (badness 1960) in paragraph at lines 2498--2499
\OT1/cmr/m/n/10 (3) When vary-ing $\OML/cmm/m/it/10 m$\OT1/cmr/m/n/10 , the ex-
e-cu-tion time of al-
 []

<./Exp-M-poly-time-ratio-service.png, id=162, 398.2077pt x 397.485pt>
File: ./Exp-M-poly-time-ratio-service.png Graphic file (type png)

<use ./Exp-M-poly-time-ratio-service.png>
Package pdftex.def Info: ./Exp-M-poly-time-ratio-service.png used on input line
 2509.
(pdftex.def)             Requested size: 115.47726pt x 115.26768pt.

<./Exp-M-poly-time-ratio-geolife.png, id=163, 398.2077pt x 397.485pt>
File: ./Exp-M-poly-time-ratio-geolife.png Graphic file (type png)

<use ./Exp-M-poly-time-ratio-geolife.png>
Package pdftex.def Info: ./Exp-M-poly-time-ratio-geolife.png used on input line
 2510.
(pdftex.def)             Requested size: 115.47726pt x 115.26768pt.

<./Exp-M-poly-time-ratio-mopsi.png, id=164, 398.2077pt x 397.485pt>
File: ./Exp-M-poly-time-ratio-mopsi.png Graphic file (type png)

<use ./Exp-M-poly-time-ratio-mopsi.png>
Package pdftex.def Info: ./Exp-M-poly-time-ratio-mopsi.png used on input line 2
511.
(pdftex.def)             Requested size: 115.47726pt x 115.26768pt.

<./Exp-M-poly-time-ratio-private.png, id=165, 398.2077pt x 397.485pt>
File: ./Exp-M-poly-time-ratio-private.png Graphic file (type png)

<use ./Exp-M-poly-time-ratio-private.png>
Package pdftex.def Info: ./Exp-M-poly-time-ratio-private.png used on input line
 2512.
(pdftex.def)             Requested size: 115.47726pt x 115.26768pt.

<./Exp-M-e-60-time-service.png, id=166, 398.2077pt x 397.485pt>
File: ./Exp-M-e-60-time-service.png Graphic file (type png)

<use ./Exp-M-e-60-time-service.png>
Package pdftex.def Info: ./Exp-M-e-60-time-service.png used on input line 2522.

(pdftex.def)             Requested size: 115.47726pt x 115.26768pt.

<./Exp-M-e-60-time-geolife.png, id=167, 398.2077pt x 397.485pt>
File: ./Exp-M-e-60-time-geolife.png Graphic file (type png)

<use ./Exp-M-e-60-time-geolife.png>
Package pdftex.def Info: ./Exp-M-e-60-time-geolife.png used on input line 2523.

(pdftex.def)             Requested size: 115.47726pt x 115.26768pt.

<./Exp-M-e-60-time-mopsi.png, id=168, 398.9304pt x 397.485pt>
File: ./Exp-M-e-60-time-mopsi.png Graphic file (type png)

<use ./Exp-M-e-60-time-mopsi.png>
Package pdftex.def Info: ./Exp-M-e-60-time-mopsi.png used on input line 2524.
(pdftex.def)             Requested size: 115.68684pt x 115.26768pt.

<./Exp-M-e-60-time-private.png, id=169, 398.9304pt x 397.485pt>
File: ./Exp-M-e-60-time-private.png Graphic file (type png)

<use ./Exp-M-e-60-time-private.png>
Package pdftex.def Info: ./Exp-M-e-60-time-private.png used on input line 2525.

(pdftex.def)             Requested size: 115.68684pt x 115.26768pt.

<./Exp-time-epsilon-service.png, id=170, 398.2077pt x 397.485pt>
File: ./Exp-time-epsilon-service.png Graphic file (type png)

<use ./Exp-time-epsilon-service.png>
Package pdftex.def Info: ./Exp-time-epsilon-service.png used on input line 2538
.
(pdftex.def)             Requested size: 115.47726pt x 115.26768pt.

<./Exp-time-epsilon-geolife.png, id=171, 398.2077pt x 397.485pt>
File: ./Exp-time-epsilon-geolife.png Graphic file (type png)

<use ./Exp-time-epsilon-geolife.png>
Package pdftex.def Info: ./Exp-time-epsilon-geolife.png used on input line 2539
.
(pdftex.def)             Requested size: 115.47726pt x 115.26768pt.

<./Exp-time-epsilon-mopsi.png, id=172, 398.9304pt x 397.485pt>
File: ./Exp-time-epsilon-mopsi.png Graphic file (type png)

<use ./Exp-time-epsilon-mopsi.png>
Package pdftex.def Info: ./Exp-time-epsilon-mopsi.png used on input line 2540.
(pdftex.def)             Requested size: 115.68684pt x 115.26768pt.

<./Exp-time-epsilon-private.png, id=173, 398.9304pt x 397.485pt>
File: ./Exp-time-epsilon-private.png Graphic file (type png)

<use ./Exp-time-epsilon-private.png>
Package pdftex.def Info: ./Exp-time-epsilon-private.png used on input line 2541
.
(pdftex.def)             Requested size: 115.68684pt x 115.26768pt.

<./Exp-opt-time-epsilon-service.png, id=174, 398.9304pt x 397.485pt>
File: ./Exp-opt-time-epsilon-service.png Graphic file (type png)

<use ./Exp-opt-time-epsilon-service.png>
Package pdftex.def Info: ./Exp-opt-time-epsilon-service.png used on input line 
2554.
(pdftex.def)             Requested size: 115.68684pt x 115.26768pt.

<./Exp-opt-time-epsilon-geolife.png, id=175, 398.9304pt x 397.485pt>
File: ./Exp-opt-time-epsilon-geolife.png Graphic file (type png)

<use ./Exp-opt-time-epsilon-geolife.png>
Package pdftex.def Info: ./Exp-opt-time-epsilon-geolife.png used on input line 
2555.
(pdftex.def)             Requested size: 115.68684pt x 115.26768pt.

<./Exp-opt-time-epsilon-mopsi.png, id=176, 398.9304pt x 397.485pt>
File: ./Exp-opt-time-epsilon-mopsi.png Graphic file (type png)

<use ./Exp-opt-time-epsilon-mopsi.png>
Package pdftex.def Info: ./Exp-opt-time-epsilon-mopsi.png used on input line 25
56.
(pdftex.def)             Requested size: 115.68684pt x 115.26768pt.

<./Exp-opt-time-epsilon-private.png, id=177, 398.9304pt x 397.485pt>
File: ./Exp-opt-time-epsilon-private.png Graphic file (type png)

<use ./Exp-opt-time-epsilon-private.png>
Package pdftex.def Info: ./Exp-opt-time-epsilon-private.png used on input line 
2557.
(pdftex.def)             Requested size: 115.68684pt x 115.26768pt.

<./Exp-time-size-service.png, id=178, 398.2077pt x 397.485pt>
File: ./Exp-time-size-service.png Graphic file (type png)

<use ./Exp-time-size-service.png>
Package pdftex.def Info: ./Exp-time-size-service.png used on input line 2569.
(pdftex.def)             Requested size: 115.47726pt x 115.26768pt.

<./Exp-time-size-geolife.png, id=179, 398.9304pt x 397.485pt>
File: ./Exp-time-size-geolife.png Graphic file (type png)

<use ./Exp-time-size-geolife.png>
Package pdftex.def Info: ./Exp-time-size-geolife.png used on input line 2570.
(pdftex.def)             Requested size: 115.68684pt x 115.26768pt.

<./Exp-time-size-mopsi.png, id=180, 398.2077pt x 397.485pt>
File: ./Exp-time-size-mopsi.png Graphic file (type png)

<use ./Exp-time-size-mopsi.png>
Package pdftex.def Info: ./Exp-time-size-mopsi.png used on input line 2571.
(pdftex.def)             Requested size: 115.47726pt x 115.26768pt.

<./Exp-time-size-private.png, id=181, 398.9304pt x 397.485pt>
File: ./Exp-time-size-private.png Graphic file (type png)

<use ./Exp-time-size-private.png>
Package pdftex.def Info: ./Exp-time-size-private.png used on input line 2572.
(pdftex.def)             Requested size: 115.68684pt x 115.26768pt.

Underfull \vbox (badness 4193) has occurred while \output is active []

 [17]
Underfull \hbox (badness 1661) in paragraph at lines 2626--2630
\OT1/cmr/m/n/10 fastest $[]$ al-go-rithms us-ing $[]$, and are ($8\OML/cmm/m/it
/10 :\OT1/cmr/m/n/10 00$--
 []


Underfull \vbox (badness 10000) has occurred while \output is active []


Underfull \vbox (badness 10000) has occurred while \output is active []

 [18 <./Exp-M-poly-time-ratio-service.png> <./Exp-M-poly-time-ratio-geolife.png
> <./Exp-M-poly-time-ratio-mopsi.png> <./Exp-M-poly-time-ratio-private.png> <./
Exp-M-e-60-time-service.png> <./Exp-M-e-60-time-geolife.png> <./Exp-M-e-60-time
-mopsi.png> <./Exp-M-e-60-time-private.png> <./Exp-time-epsilon-service.png> <.
/Exp-time-epsilon-geolife.png> <./Exp-time-epsilon-mopsi.png> <./Exp-time-epsil
on-private.png> <./Exp-opt-time-epsilon-service.png> <./Exp-opt-time-epsilon-ge
olife.png> <./Exp-opt-time-epsilon-mopsi.png> <./Exp-opt-time-epsilon-private.p
ng>]
<./Exp-CR-epsilon-ped-service.png, id=204, 398.9304pt x 397.485pt>
File: ./Exp-CR-epsilon-ped-service.png Graphic file (type png)

<use ./Exp-CR-epsilon-ped-service.png>
Package pdftex.def Info: ./Exp-CR-epsilon-ped-service.png used on input line 26
44.
(pdftex.def)             Requested size: 115.68684pt x 115.26768pt.

<./Exp-CR-epsilon-ped-geolife.png, id=205, 398.9304pt x 397.485pt>
File: ./Exp-CR-epsilon-ped-geolife.png Graphic file (type png)

<use ./Exp-CR-epsilon-ped-geolife.png>
Package pdftex.def Info: ./Exp-CR-epsilon-ped-geolife.png used on input line 26
45.
(pdftex.def)             Requested size: 115.68684pt x 115.26768pt.

<./Exp-CR-epsilon-ped-mopsi.png, id=206, 398.9304pt x 397.485pt>
File: ./Exp-CR-epsilon-ped-mopsi.png Graphic file (type png)

<use ./Exp-CR-epsilon-ped-mopsi.png>
Package pdftex.def Info: ./Exp-CR-epsilon-ped-mopsi.png used on input line 2646
.
(pdftex.def)             Requested size: 115.68684pt x 115.26768pt.

<./Exp-CR-epsilon-ped-private.png, id=207, 398.9304pt x 397.485pt>
File: ./Exp-CR-epsilon-ped-private.png Graphic file (type png)

<use ./Exp-CR-epsilon-ped-private.png>
Package pdftex.def Info: ./Exp-CR-epsilon-ped-private.png used on input line 26
47.
(pdftex.def)             Requested size: 115.68684pt x 115.26768pt.

<./Exp-error-epsilon-ped-service.png, id=208, 398.2077pt x 397.485pt>
File: ./Exp-error-epsilon-ped-service.png Graphic file (type png)

<use ./Exp-error-epsilon-ped-service.png>
Package pdftex.def Info: ./Exp-error-epsilon-ped-service.png used on input line
 2657.
(pdftex.def)             Requested size: 115.47726pt x 115.26768pt.

<./Exp-error-epsilon-ped-geolife.png, id=209, 398.2077pt x 397.485pt>
File: ./Exp-error-epsilon-ped-geolife.png Graphic file (type png)

<use ./Exp-error-epsilon-ped-geolife.png>
Package pdftex.def Info: ./Exp-error-epsilon-ped-geolife.png used on input line
 2658.
(pdftex.def)             Requested size: 115.47726pt x 115.26768pt.

<./Exp-error-epsilon-ped-mopsi.png, id=210, 398.2077pt x 397.485pt>
File: ./Exp-error-epsilon-ped-mopsi.png Graphic file (type png)

<use ./Exp-error-epsilon-ped-mopsi.png>
Package pdftex.def Info: ./Exp-error-epsilon-ped-mopsi.png used on input line 2
659.
(pdftex.def)             Requested size: 115.47726pt x 115.26768pt.

<./Exp-error-epsilon-ped-private.png, id=211, 398.2077pt x 397.485pt>
File: ./Exp-error-epsilon-ped-private.png Graphic file (type png)

<use ./Exp-error-epsilon-ped-private.png>
Package pdftex.def Info: ./Exp-error-epsilon-ped-private.png used on input line
 2660.
(pdftex.def)             Requested size: 115.47726pt x 115.26768pt.

<./Exp-time-epsilon-ped-service.png, id=212, 398.2077pt x 397.485pt>
File: ./Exp-time-epsilon-ped-service.png Graphic file (type png)

<use ./Exp-time-epsilon-ped-service.png>
Package pdftex.def Info: ./Exp-time-epsilon-ped-service.png used on input line 
2671.
(pdftex.def)             Requested size: 115.47726pt x 115.26768pt.

<./Exp-time-epsilon-ped-geolife.png, id=213, 398.2077pt x 397.485pt>
File: ./Exp-time-epsilon-ped-geolife.png Graphic file (type png)

<use ./Exp-time-epsilon-ped-geolife.png>
Package pdftex.def Info: ./Exp-time-epsilon-ped-geolife.png used on input line 
2672.
(pdftex.def)             Requested size: 115.47726pt x 115.26768pt.

<./Exp-time-epsilon-ped-mopsi.png, id=214, 398.9304pt x 397.485pt>
File: ./Exp-time-epsilon-ped-mopsi.png Graphic file (type png)

<use ./Exp-time-epsilon-ped-mopsi.png>
Package pdftex.def Info: ./Exp-time-epsilon-ped-mopsi.png used on input line 26
73.
(pdftex.def)             Requested size: 115.68684pt x 115.26768pt.

<./Exp-time-epsilon-ped-private.png, id=215, 398.9304pt x 397.485pt>
File: ./Exp-time-epsilon-ped-private.png Graphic file (type png)

<use ./Exp-time-epsilon-ped-private.png>
Package pdftex.def Info: ./Exp-time-epsilon-ped-private.png used on input line 
2674.
(pdftex.def)             Requested size: 115.68684pt x 115.26768pt.
 [19 <./Exp-time-size-service.png> <./Exp-time-size-geolife.png> <./Exp-time-si
ze-mopsi.png> <./Exp-time-size-private.png>]
Underfull \vbox (badness 10000) has occurred while \output is active []


<./Exp-query-ae-epsilon-service.png, id=224, 394.5942pt x 393.1488pt>
File: ./Exp-query-ae-epsilon-service.png Graphic file (type png)

<use ./Exp-query-ae-epsilon-service.png>
Package pdftex.def Info: ./Exp-query-ae-epsilon-service.png used on input line 
2744.
(pdftex.def)             Requested size: 116.40427pt x 115.97789pt.

<./Exp-query-ae-epsilon-geolife.png, id=225, 394.5942pt x 393.1488pt>
File: ./Exp-query-ae-epsilon-geolife.png Graphic file (type png)

<use ./Exp-query-ae-epsilon-geolife.png>
Package pdftex.def Info: ./Exp-query-ae-epsilon-geolife.png used on input line 
2745.
(pdftex.def)             Requested size: 116.40427pt x 115.97789pt.

<./Exp-query-ae-epsilon-mopsi.png, id=226, 394.5942pt x 393.1488pt>
File: ./Exp-query-ae-epsilon-mopsi.png Graphic file (type png)

<use ./Exp-query-ae-epsilon-mopsi.png>
Package pdftex.def Info: ./Exp-query-ae-epsilon-mopsi.png used on input line 27
46.
(pdftex.def)             Requested size: 116.40427pt x 115.97789pt.

<./Exp-query-ae-epsilon-private.png, id=227, 394.5942pt x 393.1488pt>
File: ./Exp-query-ae-epsilon-private.png Graphic file (type png)

<use ./Exp-query-ae-epsilon-private.png>
Package pdftex.def Info: ./Exp-query-ae-epsilon-private.png used on input line 
2747.
(pdftex.def)             Requested size: 116.40427pt x 115.97789pt.

Underfull \vbox (badness 10000) has occurred while \output is active []

 [20 <./Exp-CR-epsilon-ped-service.png> <./Exp-CR-epsilon-ped-geolife.png> <./E
xp-CR-epsilon-ped-mopsi.png> <./Exp-CR-epsilon-ped-private.png> <./Exp-error-ep
silon-ped-service.png> <./Exp-error-epsilon-ped-geolife.png> <./Exp-error-epsil
on-ped-mopsi.png> <./Exp-error-epsilon-ped-private.png> <./Exp-time-epsilon-ped
-service.png> <./Exp-time-epsilon-ped-geolife.png> <./Exp-time-epsilon-ped-mops
i.png> <./Exp-time-epsilon-ped-private.png>]
Overfull \hbox (1.16966pt too wide) in paragraph at lines 2767--2786
 [][] 
 []


Underfull \hbox (badness 10000) in paragraph at lines 2801--2802
\OT1/cmr/m/it/10 (2) Poly-gon in-ter-sec-tion al-go-rithms\OT1/cmr/m/n/10 . Al-
go-rithm
 []

[21 <./Exp-query-ae-epsilon-service.png> <./Exp-query-ae-epsilon-geolife.png> <
./Exp-query-ae-epsilon-mopsi.png> <./Exp-query-ae-epsilon-private.png>]
Underfull \hbox (badness 3128) in paragraph at lines 2903--2912
\OT1/cmr/m/n/10 trajectories un-til the stop-ping con-di-tion is met.
 []

[22]
Underfull \vbox (badness 10000) has occurred while \output is active []


Underfull \hbox (badness 1024) in paragraph at lines 2994--2995
\OT1/cmr/m/n/10 This work is sup-ported in part by Na-tional Key
 []


Underfull \hbox (badness 1824) in paragraph at lines 2994--2995
\OT1/cmr/m/n/10 R&D Pro-gram of China 2018YFB1700403, NSFC
 []

[23] (conei3d.bbl

LaTeX Font Warning: Font shape `OT1/cmtt/m/n' in size <8.5> not available
(Font)              size <8> substituted on input line 5.


Underfull \hbox (badness 1028) in paragraph at lines 4--7
[]\OT1/cmr/m/n/8.5 Mopsi routes 2014.  $\OT1/cmtt/m/n/8 http : / / cs . uef . f
i / mopsi / routes /
 []


Underfull \hbox (badness 1173) in paragraph at lines 50--54
[]\OT1/cmr/m/n/8.5 R. Gots-man and Y. Kanza.  A dilution-matching-
 []


Package balance Warning: You have called \balance in second column
(balance)                Columns might not be balanced.

[24]) [25] (conei3d.aux)

LaTeX Font Warning: Size substitutions with differences
(Font)              up to 1.28pt have occurred.


LaTeX Font Warning: Some font shapes were not available, defaults substituted.

 ) 
Here is how much of TeX's memory you used:
 4985 strings out of 495232
 67157 string characters out of 3182687
 150087 words of memory out of 3000000
 8053 multiletter control sequences out of 15000+200000
 17469 words of font info for 74 fonts, out of 3000000 for 9000
 14 hyphenation exceptions out of 8191
 39i,23n,33p,1366b,386s stack positions out of 5000i,500n,10000p,200000b,50000s
<C:/CTEX/MiKTeX/fonts/type1/public/amsfonts/cm/cmbsy10.pfb><C:/CTEX/MiKTeX/fo
nts/type1/public/amsfonts/cm/cmbx10.pfb><C:/CTEX/MiKTeX/fonts/type1/public/amsf
onts/cm/cmbx12.pfb><C:/CTEX/MiKTeX/fonts/type1/public/amsfonts/cm/cmbx7.pfb><C:
/CTEX/MiKTeX/fonts/type1/public/amsfonts/cm/cmbx8.pfb><C:/CTEX/MiKTeX/fonts/typ
e1/public/amsfonts/cm/cmex10.pfb><C:/CTEX/MiKTeX/fonts/type1/public/amsfonts/cm
/cmmi10.pfb><C:/CTEX/MiKTeX/fonts/type1/public/amsfonts/cm/cmmi5.pfb><C:/CTEX/M
iKTeX/fonts/type1/public/amsfonts/cm/cmmi6.pfb><C:/CTEX/MiKTeX/fonts/type1/publ
ic/amsfonts/cm/cmmi7.pfb><C:/CTEX/MiKTeX/fonts/type1/public/amsfonts/cm/cmmi8.p
fb><C:/CTEX/MiKTeX/fonts/type1/public/amsfonts/cm/cmr10.pfb><C:/CTEX/MiKTeX/fon
ts/type1/public/amsfonts/cm/cmr5.pfb><C:/CTEX/MiKTeX/fonts/type1/public/amsfont
s/cm/cmr7.pfb><C:/CTEX/MiKTeX/fonts/type1/public/amsfonts/cm/cmr8.pfb><C:/CTEX/
MiKTeX/fonts/type1/public/amsfonts/cm/cmss10.pfb><C:/CTEX/MiKTeX/fonts/type1/pu
blic/amsfonts/cm/cmss8.pfb><C:/CTEX/MiKTeX/fonts/type1/public/amsfonts/cm/cmsy1
0.pfb><C:/CTEX/MiKTeX/fonts/type1/public/amsfonts/cm/cmsy5.pfb><C:/CTEX/MiKTeX/
fonts/type1/public/amsfonts/cm/cmsy6.pfb><C:/CTEX/MiKTeX/fonts/type1/public/ams
fonts/cm/cmsy7.pfb><C:/CTEX/MiKTeX/fonts/type1/public/amsfonts/cm/cmsy8.pfb><C:
/CTEX/MiKTeX/fonts/type1/public/amsfonts/cm/cmti10.pfb><C:/CTEX/MiKTeX/fonts/ty
pe1/public/amsfonts/cm/cmti8.pfb><C:/CTEX/MiKTeX/fonts/type1/public/amsfonts/cm
/cmtt8.pfb><C:/CTEX/MiKTeX/fonts/type1/public/amsfonts/latxfont/lasy10.pfb><C:/
CTEX/UserData/fonts/type1/public/hoekwater/stmary10.pfb><C:/CTEX/UserData/fonts
/type1/public/hoekwater/stmary8.pfb><C:/CTEX/UserData/fonts/type1/public/esvect
/vect10.pfb><C:/CTEX/UserData/fonts/type1/public/esvect/vect7.pfb><C:/CTEX/User
Data/fonts/type1/public/esvect/vect8.pfb>
Output written on conei3d.pdf (25 pages, 4069597 bytes).
PDF statistics:
 360 PDF objects out of 1000 (max. 8388607)
 0 named destinations out of 1000 (max. 500000)
 391 words of extra memory for PDF output out of 10000 (max. 10000000)

