This is pdfTeX, Version 3.14159265-2.6-1.40.17 (MiKTeX 2.9.6210) (preloaded format=pdflatex 2017.2.7)  18 SEP 2017 16:03
entering extended mode
**./SARank.tex
(SARank.tex
LaTeX2e <2017/01/01> patch level 1
Babel <3.9r> and hyphenation patterns for 1 language(s) loaded.
(IEEEtran.cls
Document Class: IEEEtran 2007/03/05 V1.7a by Michael Shell
-- See the "IEEEtran_HOWTO" manual for usage information.
-- http://www.michaelshell.org/tex/ieeetran/
\@IEEEtrantmpdimenA=\dimen102
\@IEEEtrantmpdimenB=\dimen103
\@IEEEtrantmpcountA=\count79
\@IEEEtrantmpcountB=\count80
\@IEEEtrantmptoksA=\toks14
LaTeX Font Info:    Try loading font information for OT1+ptm on input line 366.

(C:\CTEX\MiKTeX\tex/latex\psnfss\ot1ptm.fd
File: ot1ptm.fd 2001/06/04 font definitions for OT1/ptm.
)
-- Using 8.5in x 11in (letter) paper.
-- Using PDF output.
\@IEEEnormalsizeunitybaselineskip=\dimen104
-- This is a 10 point document.
\CLASSINFOnormalsizebaselineskip=\dimen105
\CLASSINFOnormalsizeunitybaselineskip=\dimen106
\IEEEnormaljot=\dimen107
LaTeX Font Info:    Font shape `OT1/ptm/bx/n' in size <5> not available
(Font)              Font shape `OT1/ptm/b/n' tried instead on input line 724.
LaTeX Font Info:    Font shape `OT1/ptm/bx/it' in size <5> not available
(Font)              Font shape `OT1/ptm/b/it' tried instead on input line 724.
LaTeX Font Info:    Font shape `OT1/ptm/bx/n' in size <7> not available
(Font)              Font shape `OT1/ptm/b/n' tried instead on input line 724.
LaTeX Font Info:    Font shape `OT1/ptm/bx/it' in size <7> not available
(Font)              Font shape `OT1/ptm/b/it' tried instead on input line 724.
LaTeX Font Info:    Font shape `OT1/ptm/bx/n' in size <8> not available
(Font)              Font shape `OT1/ptm/b/n' tried instead on input line 724.
LaTeX Font Info:    Font shape `OT1/ptm/bx/it' in size <8> not available
(Font)              Font shape `OT1/ptm/b/it' tried instead on input line 724.
LaTeX Font Info:    Font shape `OT1/ptm/bx/n' in size <9> not available
(Font)              Font shape `OT1/ptm/b/n' tried instead on input line 724.
LaTeX Font Info:    Font shape `OT1/ptm/bx/it' in size <9> not available
(Font)              Font shape `OT1/ptm/b/it' tried instead on input line 724.
LaTeX Font Info:    Font shape `OT1/ptm/bx/n' in size <10> not available
(Font)              Font shape `OT1/ptm/b/n' tried instead on input line 724.
LaTeX Font Info:    Font shape `OT1/ptm/bx/it' in size <10> not available
(Font)              Font shape `OT1/ptm/b/it' tried instead on input line 724.
LaTeX Font Info:    Font shape `OT1/ptm/bx/n' in size <11> not available
(Font)              Font shape `OT1/ptm/b/n' tried instead on input line 724.
LaTeX Font Info:    Font shape `OT1/ptm/bx/it' in size <11> not available
(Font)              Font shape `OT1/ptm/b/it' tried instead on input line 724.
LaTeX Font Info:    Font shape `OT1/ptm/bx/n' in size <12> not available
(Font)              Font shape `OT1/ptm/b/n' tried instead on input line 724.
LaTeX Font Info:    Font shape `OT1/ptm/bx/it' in size <12> not available
(Font)              Font shape `OT1/ptm/b/it' tried instead on input line 724.
LaTeX Font Info:    Font shape `OT1/ptm/bx/n' in size <17> not available
(Font)              Font shape `OT1/ptm/b/n' tried instead on input line 724.
LaTeX Font Info:    Font shape `OT1/ptm/bx/it' in size <17> not available
(Font)              Font shape `OT1/ptm/b/it' tried instead on input line 724.
LaTeX Font Info:    Font shape `OT1/ptm/bx/n' in size <20> not available
(Font)              Font shape `OT1/ptm/b/n' tried instead on input line 724.
LaTeX Font Info:    Font shape `OT1/ptm/bx/it' in size <20> not available
(Font)              Font shape `OT1/ptm/b/it' tried instead on input line 724.
LaTeX Font Info:    Font shape `OT1/ptm/bx/n' in size <24> not available
(Font)              Font shape `OT1/ptm/b/n' tried instead on input line 724.
LaTeX Font Info:    Font shape `OT1/ptm/bx/it' in size <24> not available
(Font)              Font shape `OT1/ptm/b/it' tried instead on input line 724.
\IEEEilabelindentA=\dimen108
\IEEEilabelindentB=\dimen109
\IEEEilabelindent=\dimen110
\IEEEelabelindent=\dimen111
\IEEEdlabelindent=\dimen112
\IEEElabelindent=\dimen113
\IEEEiednormlabelsep=\dimen114
\IEEEiedmathlabelsep=\dimen115
\IEEEiedtopsep=\skip41
\c@section=\count81
\c@subsection=\count82
\c@subsubsection=\count83
\c@paragraph=\count84
\c@IEEEsubequation=\count85
\abovecaptionskip=\skip42
\belowcaptionskip=\skip43
\c@figure=\count86
\c@table=\count87
\@IEEEeqnnumcols=\count88
\@IEEEeqncolcnt=\count89
\@IEEEtmpitemindent=\dimen116
\c@IEEEbiography=\count90
\@IEEEtranrubishbin=\box26
) (C:\CTEX\MiKTeX\tex/latex\base\latexsym.sty
Package: latexsym 1998/08/17 v2.2e Standard LaTeX package (lasy symbols)
\symlasy=\mathgroup4
LaTeX Font Info:    Overwriting symbol font `lasy' in version `bold'
(Font)                  U/lasy/m/n --> U/lasy/b/n on input line 52.
)
(C:\CTEX\MiKTeX\tex/latex\amsfonts\amsfonts.sty
Package: amsfonts 2013/01/14 v3.01 Basic AMSFonts support
\@emptytoks=\toks15
\symAMSa=\mathgroup5
\symAMSb=\mathgroup6
LaTeX Font Info:    Overwriting math alphabet `\mathfrak' in version `bold'
(Font)                  U/euf/m/n --> U/euf/b/n on input line 106.
)
(C:\CTEX\MiKTeX\tex/latex\amsmath\amsmath.sty
Package: amsmath 2016/11/05 v2.16a AMS math features
\@mathmargin=\skip44

For additional information on amsmath, use the `?' option.
(C:\CTEX\MiKTeX\tex/latex\amsmath\amstext.sty
Package: amstext 2000/06/29 v2.01 AMS text

(C:\CTEX\MiKTeX\tex/latex\amsmath\amsgen.sty
File: amsgen.sty 1999/11/30 v2.0 generic functions
\@emptytoks=\toks16
\ex@=\dimen117
))
(C:\CTEX\MiKTeX\tex/latex\amsmath\amsbsy.sty
Package: amsbsy 1999/11/29 v1.2d Bold Symbols
\pmbraise@=\dimen118
)
(C:\CTEX\MiKTeX\tex/latex\amsmath\amsopn.sty
Package: amsopn 2016/03/08 v2.02 operator names
)
\inf@bad=\count91
LaTeX Info: Redefining \frac on input line 213.
\uproot@=\count92
\leftroot@=\count93
LaTeX Info: Redefining \overline on input line 375.
\classnum@=\count94
\DOTSCASE@=\count95
LaTeX Info: Redefining \ldots on input line 472.
LaTeX Info: Redefining \dots on input line 475.
LaTeX Info: Redefining \cdots on input line 596.
\Mathstrutbox@=\box27
\strutbox@=\box28
\big@size=\dimen119
LaTeX Font Info:    Redeclaring font encoding OML on input line 712.
LaTeX Font Info:    Redeclaring font encoding OMS on input line 713.
\macc@depth=\count96
\c@MaxMatrixCols=\count97
\dotsspace@=\muskip10
\c@parentequation=\count98
\dspbrk@lvl=\count99
\tag@help=\toks17
\row@=\count100
\column@=\count101
\maxfields@=\count102
\andhelp@=\toks18
\eqnshift@=\dimen120
\alignsep@=\dimen121
\tagshift@=\dimen122
\tagwidth@=\dimen123
\totwidth@=\dimen124
\lineht@=\dimen125
\@envbody=\toks19
\multlinegap=\skip45
\multlinetaggap=\skip46
\mathdisplay@stack=\toks20
LaTeX Info: Redefining \[ on input line 2817.
LaTeX Info: Redefining \] on input line 2818.
)
(C:\CTEX\MiKTeX\tex/latex\amsfonts\amssymb.sty
Package: amssymb 2013/01/14 v3.01 AMS font symbols
)
(C:\CTEX\MiKTeX\tex/latex\graphics\color.sty
Package: color 2016/07/10 v1.1e Standard LaTeX Color (DPC)

(C:\CTEX\MiKTeX\tex/latex\graphics-cfg\color.cfg
File: color.cfg 2016/01/02 v1.6 sample color configuration
)
Package color Info: Driver file: pdftex.def on input line 147.

(C:\CTEX\MiKTeX\tex/latex\graphics-def\pdftex.def
File: pdftex.def 2017/01/12 v0.06k Graphics/color for pdfTeX

(C:\CTEX\MiKTeX\tex/generic\oberdiek\infwarerr.sty
Package: infwarerr 2016/05/16 v1.4 Providing info/warning/error messages (HO)
)
(C:\CTEX\MiKTeX\tex/generic\oberdiek\ltxcmds.sty
Package: ltxcmds 2016/05/16 v1.23 LaTeX kernel commands for general use (HO)
)
\Gread@gobject=\count103
))
(C:\CTEX\MiKTeX\tex/latex\graphics\epsfig.sty
Package: epsfig 1999/02/16 v1.7a (e)psfig emulation (SPQR)

(C:\CTEX\MiKTeX\tex/latex\graphics\graphicx.sty
Package: graphicx 2014/10/28 v1.0g Enhanced LaTeX Graphics (DPC,SPQR)

(C:\CTEX\MiKTeX\tex/latex\graphics\keyval.sty
Package: keyval 2014/10/28 v1.15 key=value parser (DPC)
\KV@toks@=\toks21
)
(C:\CTEX\MiKTeX\tex/latex\graphics\graphics.sty
Package: graphics 2016/10/09 v1.0u Standard LaTeX Graphics (DPC,SPQR)

(C:\CTEX\MiKTeX\tex/latex\graphics\trig.sty
Package: trig 2016/01/03 v1.10 sin cos tan (DPC)
)
(C:\CTEX\MiKTeX\tex/latex\graphics-cfg\graphics.cfg
File: graphics.cfg 2016/06/04 v1.11 sample graphics configuration
)
Package graphics Info: Driver file: pdftex.def on input line 99.
)
\Gin@req@height=\dimen126
\Gin@req@width=\dimen127
)
\epsfxsize=\dimen128
\epsfysize=\dimen129
)
(C:\CTEX\MiKTeX\tex/latex\tools\xspace.sty
Package: xspace 2014/10/28 v1.13 Space after command names (DPC,MH)
)
(C:\CTEX\MiKTeX\tex/latex\oberdiek\epstopdf.sty
Package: epstopdf 2016/05/15 v2.6 Conversion with epstopdf on the fly (HO)

(C:\CTEX\MiKTeX\tex/latex\oberdiek\epstopdf-base.sty
Package: epstopdf-base 2016/05/15 v2.6 Base part for package epstopdf

(C:\CTEX\MiKTeX\tex/latex\oberdiek\grfext.sty
Package: grfext 2016/05/16 v1.2 Manage graphics extensions (HO)

(C:\CTEX\MiKTeX\tex/generic\oberdiek\kvdefinekeys.sty
Package: kvdefinekeys 2016/05/16 v1.4 Define keys (HO)
))
(C:\CTEX\MiKTeX\tex/latex\oberdiek\kvoptions.sty
Package: kvoptions 2016/05/16 v3.12 Key value format for package options (HO)

(C:\CTEX\MiKTeX\tex/generic\oberdiek\kvsetkeys.sty
Package: kvsetkeys 2016/05/16 v1.17 Key value parser (HO)

(C:\CTEX\MiKTeX\tex/generic\oberdiek\etexcmds.sty
Package: etexcmds 2016/05/16 v1.6 Avoid name clashes with e-TeX commands (HO)

(C:\CTEX\MiKTeX\tex/generic\oberdiek\ifluatex.sty
Package: ifluatex 2016/05/16 v1.4 Provides the ifluatex switch (HO)
Package ifluatex Info: LuaTeX not detected.
)
Package etexcmds Info: Could not find \expanded.
(etexcmds)             That can mean that you are not using pdfTeX 1.50 or
(etexcmds)             that some package has redefined \expanded.
(etexcmds)             In the latter case, load this package earlier.
)))
(C:\CTEX\MiKTeX\tex/generic\oberdiek\pdftexcmds.sty
Package: pdftexcmds 2016/05/21 v0.22 Utility functions of pdfTeX for LuaTeX (HO
)

(C:\CTEX\MiKTeX\tex/generic\oberdiek\ifpdf.sty
Package: ifpdf 2016/05/14 v3.1 Provides the ifpdf switch
)
Package pdftexcmds Info: LuaTeX not detected.
Package pdftexcmds Info: \pdf@primitive is available.
Package pdftexcmds Info: \pdf@ifprimitive is available.
Package pdftexcmds Info: \pdfdraftmode found.
)
Package epstopdf-base Info: Redefining graphics rule for `.eps' on input line 4
38.
Package grfext Info: Graphics extension search list:
(grfext)             [.png,.pdf,.jpg,.mps,.jpeg,.jbig2,.jb2,.PNG,.PDF,.JPG,.JPE
G,.JBIG2,.JB2,.eps]
(grfext)             \AppendGraphicsExtensions on input line 456.
))
(C:\CTEX\MiKTeX\tex/latex\psnfss\times.sty
Package: times 2005/04/12 PSNFSS-v9.2a (SPQR) 
)
(C:\CTEX\UserData\tex\latex\subfigure\subfigure.sty
Package: subfigure 2002/07/30 v2.1.4 subfigure package
\subfigtopskip=\skip47
\subfigcapskip=\skip48
\subfigcaptopadj=\dimen130
\subfigbottomskip=\skip49
\subfigcapmargin=\dimen131
\subfiglabelskip=\skip50
\c@subfigure=\count104
\c@lofdepth=\count105
\c@subtable=\count106
\c@lotdepth=\count107

****************************************
* Local config file subfigure.cfg used *
****************************************
(C:\CTEX\UserData\tex\latex\subfigure\subfigure.cfg)
\subfig@top=\skip51
\subfig@bottom=\skip52
)
(C:\CTEX\UserData\tex\latex\cite\cite.sty
LaTeX Info: Redefining \cite on input line 302.
LaTeX Info: Redefining \nocite on input line 332.
Package: cite 2015/02/27  v 5.5
)
(C:\CTEX\UserData\tex\latex\preprint\balance.sty
Package: balance 1999/02/23 4.3 (PWD)
\oldvsize=\dimen132
)
(C:\CTEX\MiKTeX\tex/latex\tools\bm.sty
Package: bm 2017/01/16 v1.2c Bold Symbol Support (DPC/FMi)
\symboldoperators=\mathgroup7
\symboldletters=\mathgroup8
\symboldsymbols=\mathgroup9
\symboldlasy=\mathgroup10
LaTeX Font Info:    Redeclaring math alphabet \mathbf on input line 141.
LaTeX Info: Redefining \bm on input line 207.
)
(C:\CTEX\MiKTeX\tex/generic\babel\babel.sty
Package: babel 2016/04/23 3.9r The Babel package

*************************************
* Local config file bblopts.cfg used
*
(C:\CTEX\UserData\tex\latex\arabi\bblopts.cfg
File: bblopts.cfg 2005/09/08 v0.1 add Arabic and Farsi to "declared" options of
 babel
)
(C:\CTEX\MiKTeX\tex/latex\babel-english\english.ldf
Language: english 2017/01/24 v3.3q English support from the babel system

(C:\CTEX\MiKTeX\tex/generic\babel\babel.def
File: babel.def 2016/04/23 3.9r Babel common definitions
\babel@savecnt=\count108
\U@D=\dimen133
)
\l@british = a dialect from \language\l@english 
\l@UKenglish = a dialect from \language\l@english 
\l@american = a dialect from \language\l@english 
\l@canadian = a dialect from \language\l@american 
\l@australian = a dialect from \language\l@british 
\l@newzealand = a dialect from \language\l@british 
))
(C:\CTEX\MiKTeX\tex/latex\tools\array.sty
Package: array 2016/10/06 v2.4d Tabular extension package (FMi)
\col@sep=\dimen134
\extrarowheight=\dimen135
\NC@list=\toks22
\extratabsurround=\skip53
\backup@length=\skip54
)
\c@theorem=\count109
\c@prop=\count110
\c@property=\count111
\c@lemma=\count112
\c@cor=\count113
\c@claim=\count114
\c@fact=\count115
\c@definition=\count116
\c@alg=\count117
\c@arule=\count118
\c@example=\count119
\c@ccc=\count120
 (SARank.aux)
\openout1 = `SARank.aux'.

LaTeX Font Info:    Checking defaults for OML/cmm/m/it on input line 307.
LaTeX Font Info:    ... okay on input line 307.
LaTeX Font Info:    Checking defaults for T1/cmr/m/n on input line 307.
LaTeX Font Info:    ... okay on input line 307.
LaTeX Font Info:    Checking defaults for OT1/cmr/m/n on input line 307.
LaTeX Font Info:    ... okay on input line 307.
LaTeX Font Info:    Checking defaults for OMS/cmsy/m/n on input line 307.
LaTeX Font Info:    ... okay on input line 307.
LaTeX Font Info:    Checking defaults for OMX/cmex/m/n on input line 307.
LaTeX Font Info:    ... okay on input line 307.
LaTeX Font Info:    Checking defaults for U/cmr/m/n on input line 307.
LaTeX Font Info:    ... okay on input line 307.

(C:\CTEX\UserData\tex\context\base\supp-pdf.mkii
[Loading MPS to PDF converter (version 2006.09.02).]
\scratchcounter=\count121
\scratchdimen=\dimen136
\scratchbox=\box29
\nofMPsegments=\count122
\nofMParguments=\count123
\everyMPshowfont=\toks23
\MPscratchCnt=\count124
\MPscratchDim=\dimen137
\MPnumerator=\count125
\makeMPintoPDFobject=\count126
\everyMPtoPDFconversion=\toks24
)
LaTeX Font Info:    Try loading font information for OT1+pcr on input line 355.

 (C:\CTEX\MiKTeX\tex/latex\psnfss\ot1pcr.fd
File: ot1pcr.fd 2001/06/04 font definitions for OT1/pcr.
)
LaTeX Font Info:    Font shape `OT1/pcr/m/it' in size <9> not available
(Font)              Font shape `OT1/pcr/m/sl' tried instead on input line 355.
LaTeX Font Info:    Try loading font information for OMS+pcr on input line 355.


(C:\CTEX\MiKTeX\tex/latex\psnfss\omspcr.fd
File: omspcr.fd 
)
LaTeX Font Info:    Font shape `OMS/pcr/m/n' in size <9> not available
(Font)              Font shape `OMS/cmsy/m/n' tried instead on input line 355.
 (sec-intro.tex
LaTeX Font Info:    Try loading font information for U+lasy on input line 56.

(C:\CTEX\MiKTeX\tex/latex\base\ulasy.fd
File: ulasy.fd 1998/08/17 v2.2e LaTeX symbol font definitions
)
LaTeX Font Info:    Try loading font information for U+msa on input line 56.

(C:\CTEX\MiKTeX\tex/latex\amsfonts\umsa.fd
File: umsa.fd 2013/01/14 v3.01 AMS symbols A
)
LaTeX Font Info:    Try loading font information for U+msb on input line 56.

(C:\CTEX\MiKTeX\tex/latex\amsfonts\umsb.fd
File: umsb.fd 2013/01/14 v3.01 AMS symbols B
)
LaTeX Font Info:    Font shape `U/lasy/b/n' in size <7> not available
(Font)              Font shape `U/lasy/m/n' tried instead on input line 56.
LaTeX Font Info:    Font shape `U/lasy/b/n' in size <5> not available
(Font)              Font shape `U/lasy/m/n' tried instead on input line 56.
 [1{C:/CTEX/UserData/pdftex/config/pdftex.map{Unicode.sfd}{UGBK.sfd}}


Non-PDF special ignored!

]) (sec-model.tex
LaTeX Font Info:    Font shape `U/lasy/b/n' in size <9> not available
(Font)              Font shape `U/lasy/m/n' tried instead on input line 55.
LaTeX Font Info:    Font shape `U/lasy/b/n' in size <6> not available
(Font)              Font shape `U/lasy/m/n' tried instead on input line 55.
 [2]
Package epstopdf Info: Source file: <fig/yearly-references.eps>
(epstopdf)                    date: 2017-09-18 13:54:53
(epstopdf)                    size: 23779 bytes
(epstopdf)             Output file: <fig/yearly-references-eps-converted-to.pdf
>
(epstopdf)             Command: <epstopdf --outfile=fig/yearly-references-eps-c
onverted-to.pdf fig/yearly-references.eps>
(epstopdf)             \includegraphics on input line 77.
runsystem(epstopdf --outfile=fig/yearly-references-eps-converted-to.pdf fig/yea
rly-references.eps)...executed (allowed).

Package epstopdf Info: Result file: <fig/yearly-references-eps-converted-to.pdf
>
(epstopdf)                    date: 2017-09-18 16:04:00
(epstopdf)                    size: 4840 bytes.

<fig/yearly-references-eps-converted-to.pdf, id=27, 454.69875pt x 158.5925pt>
File: fig/yearly-references-eps-converted-to.pdf Graphic file (type pdf)

<use fig/yearly-references-eps-converted-to.pdf>
Package pdftex.def Info: fig/yearly-references-eps-converted-to.pdf used on inp
ut line 77.
(pdftex.def)             Requested size: 204.61253pt x 71.36595pt.
Package epstopdf Info: Source file: <fig/framework-lite-2.eps>
(epstopdf)                    date: 2017-05-16 19:40:04
(epstopdf)                    size: 202764 bytes
(epstopdf)             Output file: <fig/framework-lite-2-eps-converted-to.pdf>

(epstopdf)                    date: 2017-05-16 19:40:45
(epstopdf)                    size: 72284 bytes
(epstopdf)             Command: <epstopdf --outfile=fig/framework-lite-2-eps-co
nverted-to.pdf fig/framework-lite-2.eps>
(epstopdf)             \includegraphics on input line 189.
Package epstopdf Info: Output file is already uptodate.

<fig/framework-lite-2-eps-converted-to.pdf, id=28, 1122.1925pt x 410.53375pt>
File: fig/framework-lite-2-eps-converted-to.pdf Graphic file (type pdf)

<use fig/framework-lite-2-eps-converted-to.pdf>
Package pdftex.def Info: fig/framework-lite-2-eps-converted-to.pdf used on inpu
t line 189.
(pdftex.def)             Requested size: 168.32161pt x 61.5774pt.
 [3 <./fig/yearly-references-eps-converted-to.pdf> <./fig/framework-lite-2-eps-
converted-to.pdf>]) (sec-alg.tex [4]

LaTeX Font Warning: Command \sc invalid in math mode on input line 157.


Overfull \hbox (1.90092pt too wide) in paragraph at lines 153--167
 [][] 
 []

) (sec-incAlg.tex [5]
Overfull \hbox (1.29361pt too wide) in paragraph at lines 103--131
 []$ 
 []

Package epstopdf Info: Source file: <fig/General_framework_peak.eps>
(epstopdf)                    date: 2017-05-16 19:40:04
(epstopdf)                    size: 25153 bytes
(epstopdf)             Output file: <fig/General_framework_peak-eps-converted-t
o.pdf>
(epstopdf)                    date: 2017-05-16 19:40:46
(epstopdf)                    size: 9231 bytes
(epstopdf)             Command: <epstopdf --outfile=fig/General_framework_peak-
eps-converted-to.pdf fig/General_framework_peak.eps>
(epstopdf)             \includegraphics on input line 209.
Package epstopdf Info: Output file is already uptodate.

<fig/General_framework_peak-eps-converted-to.pdf, id=50, 222.8325pt x 107.40125
pt>
File: fig/General_framework_peak-eps-converted-to.pdf Graphic file (type pdf)
 <use fig/General_framework_peak-eps-converted-to.pdf>
Package pdftex.def Info: fig/General_framework_peak-eps-converted-to.pdf used o
n input line 209.
(pdftex.def)             Requested size: 155.98167pt x 75.18034pt.

Underfull \hbox (badness 4765) in paragraph at lines 227--231
\OT1/ptm/b/n/10 Theorem 6: []\OT1/ptm/m/it/10 The TW-PageR-ank vec-tor $\OML/cm
m/m/it/10 PR[]$ \OT1/ptm/m/it/10 re-turned
 []

[6 <./fig/General_framework_peak-eps-converted-to.pdf>]) (sec-exp.tex [7]
Package epstopdf Info: Source file: <./exp/AAN_PairAcc1.eps>
(epstopdf)                    date: 2017-09-18 13:54:51
(epstopdf)                    size: 23133 bytes
(epstopdf)             Output file: <./exp/AAN_PairAcc1-eps-converted-to.pdf>
(epstopdf)                    date: 2017-05-16 19:40:47
(epstopdf)                    size: 4339 bytes
(epstopdf)             Command: <epstopdf --outfile=./exp/AAN_PairAcc1-eps-conv
erted-to.pdf ./exp/AAN_PairAcc1.eps>
(epstopdf)             \includegraphics on input line 191.
runsystem(epstopdf --outfile=./exp/AAN_PairAcc1-eps-converted-to.pdf ./exp/AAN_
PairAcc1.eps)...executed (allowed).

Package epstopdf Info: Result file: <./exp/AAN_PairAcc1-eps-converted-to.pdf>
(epstopdf)                    date: 2017-09-18 16:04:03
(epstopdf)                    size: 4347 bytes.

<./exp/AAN_PairAcc1-eps-converted-to.pdf, id=69, 303.1325pt x 216.81pt>
File: ./exp/AAN_PairAcc1-eps-converted-to.pdf Graphic file (type pdf)

<use ./exp/AAN_PairAcc1-eps-converted-to.pdf>
Package pdftex.def Info: ./exp/AAN_PairAcc1-eps-converted-to.pdf used on input 
line 191.
(pdftex.def)             Requested size: 109.12761pt x 78.05153pt.
Package epstopdf Info: Source file: <./exp/AAN_PairAcc2.eps>
(epstopdf)                    date: 2017-09-18 13:54:51
(epstopdf)                    size: 23179 bytes
(epstopdf)             Output file: <./exp/AAN_PairAcc2-eps-converted-to.pdf>
(epstopdf)                    date: 2017-05-16 19:40:47
(epstopdf)                    size: 4572 bytes
(epstopdf)             Command: <epstopdf --outfile=./exp/AAN_PairAcc2-eps-conv
erted-to.pdf ./exp/AAN_PairAcc2.eps>
(epstopdf)             \includegraphics on input line 195.
runsystem(epstopdf --outfile=./exp/AAN_PairAcc2-eps-converted-to.pdf ./exp/AAN_
PairAcc2.eps)...executed (allowed).

Package epstopdf Info: Result file: <./exp/AAN_PairAcc2-eps-converted-to.pdf>
(epstopdf)                    date: 2017-09-18 16:04:04
(epstopdf)                    size: 4580 bytes.

<./exp/AAN_PairAcc2-eps-converted-to.pdf, id=70, 303.1325pt x 216.81pt>
File: ./exp/AAN_PairAcc2-eps-converted-to.pdf Graphic file (type pdf)

<use ./exp/AAN_PairAcc2-eps-converted-to.pdf>
Package pdftex.def Info: ./exp/AAN_PairAcc2-eps-converted-to.pdf used on input 
line 195.
(pdftex.def)             Requested size: 109.12761pt x 78.05153pt.
Package epstopdf Info: Source file: <./exp/AAN_PairAcc3.eps>
(epstopdf)                    date: 2017-09-18 13:54:51
(epstopdf)                    size: 23380 bytes
(epstopdf)             Output file: <./exp/AAN_PairAcc3-eps-converted-to.pdf>
(epstopdf)                    date: 2017-05-16 19:40:48
(epstopdf)                    size: 4504 bytes
(epstopdf)             Command: <epstopdf --outfile=./exp/AAN_PairAcc3-eps-conv
erted-to.pdf ./exp/AAN_PairAcc3.eps>
(epstopdf)             \includegraphics on input line 199.
runsystem(epstopdf --outfile=./exp/AAN_PairAcc3-eps-converted-to.pdf ./exp/AAN_
PairAcc3.eps)...executed (allowed).

Package epstopdf Info: Result file: <./exp/AAN_PairAcc3-eps-converted-to.pdf>
(epstopdf)                    date: 2017-09-18 16:04:05
(epstopdf)                    size: 4516 bytes.

<./exp/AAN_PairAcc3-eps-converted-to.pdf, id=71, 303.1325pt x 216.81pt>
File: ./exp/AAN_PairAcc3-eps-converted-to.pdf Graphic file (type pdf)

<use ./exp/AAN_PairAcc3-eps-converted-to.pdf>
Package pdftex.def Info: ./exp/AAN_PairAcc3-eps-converted-to.pdf used on input 
line 199.
(pdftex.def)             Requested size: 109.12761pt x 78.05153pt.
Package epstopdf Info: Source file: <./exp/AAN_sigma2.eps>
(epstopdf)                    date: 2017-09-18 13:54:51
(epstopdf)                    size: 22603 bytes
(epstopdf)             Output file: <./exp/AAN_sigma2-eps-converted-to.pdf>
(epstopdf)                    date: 2017-05-16 19:40:48
(epstopdf)                    size: 4129 bytes
(epstopdf)             Command: <epstopdf --outfile=./exp/AAN_sigma2-eps-conver
ted-to.pdf ./exp/AAN_sigma2.eps>
(epstopdf)             \includegraphics on input line 203.
runsystem(epstopdf --outfile=./exp/AAN_sigma2-eps-converted-to.pdf ./exp/AAN_si
gma2.eps)...executed (allowed).

Package epstopdf Info: Result file: <./exp/AAN_sigma2-eps-converted-to.pdf>
(epstopdf)                    date: 2017-09-18 16:04:06
(epstopdf)                    size: 4139 bytes.

<./exp/AAN_sigma2-eps-converted-to.pdf, id=72, 303.1325pt x 216.81pt>
File: ./exp/AAN_sigma2-eps-converted-to.pdf Graphic file (type pdf)

<use ./exp/AAN_sigma2-eps-converted-to.pdf>
Package pdftex.def Info: ./exp/AAN_sigma2-eps-converted-to.pdf used on input li
ne 203.
(pdftex.def)             Requested size: 109.12761pt x 78.05153pt.
Package epstopdf Info: Source file: <./exp/AAN_lambda.eps>
(epstopdf)                    date: 2017-09-18 13:54:51
(epstopdf)                    size: 22662 bytes
(epstopdf)             Output file: <./exp/AAN_lambda-eps-converted-to.pdf>
(epstopdf)                    date: 2017-05-16 19:40:48
(epstopdf)                    size: 4498 bytes
(epstopdf)             Command: <epstopdf --outfile=./exp/AAN_lambda-eps-conver
ted-to.pdf ./exp/AAN_lambda.eps>
(epstopdf)             \includegraphics on input line 207.
runsystem(epstopdf --outfile=./exp/AAN_lambda-eps-converted-to.pdf ./exp/AAN_la
mbda.eps)...executed (allowed).

Package epstopdf Info: Result file: <./exp/AAN_lambda-eps-converted-to.pdf>
(epstopdf)                    date: 2017-09-18 16:04:07
(epstopdf)                    size: 4500 bytes.

<./exp/AAN_lambda-eps-converted-to.pdf, id=73, 303.1325pt x 216.81pt>
File: ./exp/AAN_lambda-eps-converted-to.pdf Graphic file (type pdf)

<use ./exp/AAN_lambda-eps-converted-to.pdf>
Package pdftex.def Info: ./exp/AAN_lambda-eps-converted-to.pdf used on input li
ne 207.
(pdftex.def)             Requested size: 109.12761pt x 78.05153pt.
Package epstopdf Info: Source file: <./exp/AMiner_PairAcc1.eps>
(epstopdf)                    date: 2017-09-18 13:54:51
(epstopdf)                    size: 23109 bytes
(epstopdf)             Output file: <./exp/AMiner_PairAcc1-eps-converted-to.pdf
>
(epstopdf)                    date: 2017-05-16 19:40:49
(epstopdf)                    size: 4355 bytes
(epstopdf)             Command: <epstopdf --outfile=./exp/AMiner_PairAcc1-eps-c
onverted-to.pdf ./exp/AMiner_PairAcc1.eps>
(epstopdf)             \includegraphics on input line 211.
runsystem(epstopdf --outfile=./exp/AMiner_PairAcc1-eps-converted-to.pdf ./exp/A
Miner_PairAcc1.eps)...executed (allowed).

Package epstopdf Info: Result file: <./exp/AMiner_PairAcc1-eps-converted-to.pdf
>
(epstopdf)                    date: 2017-09-18 16:04:08
(epstopdf)                    size: 4339 bytes.

<./exp/AMiner_PairAcc1-eps-converted-to.pdf, id=74, 303.1325pt x 216.81pt>
File: ./exp/AMiner_PairAcc1-eps-converted-to.pdf Graphic file (type pdf)

<use ./exp/AMiner_PairAcc1-eps-converted-to.pdf>
Package pdftex.def Info: ./exp/AMiner_PairAcc1-eps-converted-to.pdf used on inp
ut line 211.
(pdftex.def)             Requested size: 109.12761pt x 78.05153pt.
Package epstopdf Info: Source file: <./exp/AMiner_PairAcc2.eps>
(epstopdf)                    date: 2017-09-18 13:54:51
(epstopdf)                    size: 23152 bytes
(epstopdf)             Output file: <./exp/AMiner_PairAcc2-eps-converted-to.pdf
>
(epstopdf)                    date: 2017-05-16 19:40:49
(epstopdf)                    size: 4571 bytes
(epstopdf)             Command: <epstopdf --outfile=./exp/AMiner_PairAcc2-eps-c
onverted-to.pdf ./exp/AMiner_PairAcc2.eps>
(epstopdf)             \includegraphics on input line 215.
runsystem(epstopdf --outfile=./exp/AMiner_PairAcc2-eps-converted-to.pdf ./exp/A
Miner_PairAcc2.eps)...executed (allowed).

Package epstopdf Info: Result file: <./exp/AMiner_PairAcc2-eps-converted-to.pdf
>
(epstopdf)                    date: 2017-09-18 16:04:08
(epstopdf)                    size: 4576 bytes.

<./exp/AMiner_PairAcc2-eps-converted-to.pdf, id=75, 303.1325pt x 216.81pt>
File: ./exp/AMiner_PairAcc2-eps-converted-to.pdf Graphic file (type pdf)

<use ./exp/AMiner_PairAcc2-eps-converted-to.pdf>
Package pdftex.def Info: ./exp/AMiner_PairAcc2-eps-converted-to.pdf used on inp
ut line 215.
(pdftex.def)             Requested size: 109.12761pt x 78.05153pt.
Package epstopdf Info: Source file: <./exp/AMiner_PairAcc3.eps>
(epstopdf)                    date: 2017-09-18 13:54:51
(epstopdf)                    size: 23353 bytes
(epstopdf)             Output file: <./exp/AMiner_PairAcc3-eps-converted-to.pdf
>
(epstopdf)                    date: 2017-05-16 19:40:50
(epstopdf)                    size: 4505 bytes
(epstopdf)             Command: <epstopdf --outfile=./exp/AMiner_PairAcc3-eps-c
onverted-to.pdf ./exp/AMiner_PairAcc3.eps>
(epstopdf)             \includegraphics on input line 219.
runsystem(epstopdf --outfile=./exp/AMiner_PairAcc3-eps-converted-to.pdf ./exp/A
Miner_PairAcc3.eps)...executed (allowed).

Package epstopdf Info: Result file: <./exp/AMiner_PairAcc3-eps-converted-to.pdf
>
(epstopdf)                    date: 2017-09-18 16:04:09
(epstopdf)                    size: 4515 bytes.

<./exp/AMiner_PairAcc3-eps-converted-to.pdf, id=76, 303.1325pt x 216.81pt>
File: ./exp/AMiner_PairAcc3-eps-converted-to.pdf Graphic file (type pdf)

<use ./exp/AMiner_PairAcc3-eps-converted-to.pdf>
Package pdftex.def Info: ./exp/AMiner_PairAcc3-eps-converted-to.pdf used on inp
ut line 219.
(pdftex.def)             Requested size: 109.12761pt x 78.05153pt.
Package epstopdf Info: Source file: <./exp/AMiner_sigma2.eps>
(epstopdf)                    date: 2017-09-18 13:54:51
(epstopdf)                    size: 22610 bytes
(epstopdf)             Output file: <./exp/AMiner_sigma2-eps-converted-to.pdf>
(epstopdf)                    date: 2017-05-16 19:40:50
(epstopdf)                    size: 4147 bytes
(epstopdf)             Command: <epstopdf --outfile=./exp/AMiner_sigma2-eps-con
verted-to.pdf ./exp/AMiner_sigma2.eps>
(epstopdf)             \includegraphics on input line 223.
runsystem(epstopdf --outfile=./exp/AMiner_sigma2-eps-converted-to.pdf ./exp/AMi
ner_sigma2.eps)...executed (allowed).

Package epstopdf Info: Result file: <./exp/AMiner_sigma2-eps-converted-to.pdf>
(epstopdf)                    date: 2017-09-18 16:04:10
(epstopdf)                    size: 4130 bytes.

<./exp/AMiner_sigma2-eps-converted-to.pdf, id=77, 303.1325pt x 216.81pt>
File: ./exp/AMiner_sigma2-eps-converted-to.pdf Graphic file (type pdf)

<use ./exp/AMiner_sigma2-eps-converted-to.pdf>
Package pdftex.def Info: ./exp/AMiner_sigma2-eps-converted-to.pdf used on input
 line 223.
(pdftex.def)             Requested size: 109.12761pt x 78.05153pt.
Package epstopdf Info: Source file: <./exp/AMiner_lambda.eps>
(epstopdf)                    date: 2017-09-18 13:54:51
(epstopdf)                    size: 22667 bytes
(epstopdf)             Output file: <./exp/AMiner_lambda-eps-converted-to.pdf>
(epstopdf)                    date: 2017-05-16 19:40:51
(epstopdf)                    size: 4502 bytes
(epstopdf)             Command: <epstopdf --outfile=./exp/AMiner_lambda-eps-con
verted-to.pdf ./exp/AMiner_lambda.eps>
(epstopdf)             \includegraphics on input line 227.
runsystem(epstopdf --outfile=./exp/AMiner_lambda-eps-converted-to.pdf ./exp/AMi
ner_lambda.eps)...executed (allowed).

Package epstopdf Info: Result file: <./exp/AMiner_lambda-eps-converted-to.pdf>
(epstopdf)                    date: 2017-09-18 16:04:11
(epstopdf)                    size: 4516 bytes.

<./exp/AMiner_lambda-eps-converted-to.pdf, id=78, 303.1325pt x 216.81pt>
File: ./exp/AMiner_lambda-eps-converted-to.pdf Graphic file (type pdf)

<use ./exp/AMiner_lambda-eps-converted-to.pdf>
Package pdftex.def Info: ./exp/AMiner_lambda-eps-converted-to.pdf used on input
 line 227.
(pdftex.def)             Requested size: 109.12761pt x 78.05153pt.
Package epstopdf Info: Source file: <./exp/MAG_PairAcc1.eps>
(epstopdf)                    date: 2017-09-18 13:54:51
(epstopdf)                    size: 23199 bytes
(epstopdf)             Output file: <./exp/MAG_PairAcc1-eps-converted-to.pdf>
(epstopdf)                    date: 2017-05-16 19:40:51
(epstopdf)                    size: 4361 bytes
(epstopdf)             Command: <epstopdf --outfile=./exp/MAG_PairAcc1-eps-conv
erted-to.pdf ./exp/MAG_PairAcc1.eps>
(epstopdf)             \includegraphics on input line 231.
runsystem(epstopdf --outfile=./exp/MAG_PairAcc1-eps-converted-to.pdf ./exp/MAG_
PairAcc1.eps)...executed (allowed).

Package epstopdf Info: Result file: <./exp/MAG_PairAcc1-eps-converted-to.pdf>
(epstopdf)                    date: 2017-09-18 16:04:12
(epstopdf)                    size: 4348 bytes.

<./exp/MAG_PairAcc1-eps-converted-to.pdf, id=79, 303.1325pt x 216.81pt>
File: ./exp/MAG_PairAcc1-eps-converted-to.pdf Graphic file (type pdf)

<use ./exp/MAG_PairAcc1-eps-converted-to.pdf>
Package pdftex.def Info: ./exp/MAG_PairAcc1-eps-converted-to.pdf used on input 
line 231.
(pdftex.def)             Requested size: 109.12761pt x 78.05153pt.
Package epstopdf Info: Source file: <./exp/MAG_PairAcc2.eps>
(epstopdf)                    date: 2017-09-18 13:54:51
(epstopdf)                    size: 23179 bytes
(epstopdf)             Output file: <./exp/MAG_PairAcc2-eps-converted-to.pdf>
(epstopdf)                    date: 2017-05-16 19:40:52
(epstopdf)                    size: 4586 bytes
(epstopdf)             Command: <epstopdf --outfile=./exp/MAG_PairAcc2-eps-conv
erted-to.pdf ./exp/MAG_PairAcc2.eps>
(epstopdf)             \includegraphics on input line 235.
runsystem(epstopdf --outfile=./exp/MAG_PairAcc2-eps-converted-to.pdf ./exp/MAG_
PairAcc2.eps)...executed (allowed).

Package epstopdf Info: Result file: <./exp/MAG_PairAcc2-eps-converted-to.pdf>
(epstopdf)                    date: 2017-09-18 16:04:13
(epstopdf)                    size: 4591 bytes.

<./exp/MAG_PairAcc2-eps-converted-to.pdf, id=80, 303.1325pt x 216.81pt>
File: ./exp/MAG_PairAcc2-eps-converted-to.pdf Graphic file (type pdf)

<use ./exp/MAG_PairAcc2-eps-converted-to.pdf>
Package pdftex.def Info: ./exp/MAG_PairAcc2-eps-converted-to.pdf used on input 
line 235.
(pdftex.def)             Requested size: 109.12761pt x 78.05153pt.
Package epstopdf Info: Source file: <./exp/MAG_PairAcc3.eps>
(epstopdf)                    date: 2017-09-18 13:54:51
(epstopdf)                    size: 23347 bytes
(epstopdf)             Output file: <./exp/MAG_PairAcc3-eps-converted-to.pdf>
(epstopdf)                    date: 2017-05-16 19:40:52
(epstopdf)                    size: 4502 bytes
(epstopdf)             Command: <epstopdf --outfile=./exp/MAG_PairAcc3-eps-conv
erted-to.pdf ./exp/MAG_PairAcc3.eps>
(epstopdf)             \includegraphics on input line 239.
runsystem(epstopdf --outfile=./exp/MAG_PairAcc3-eps-converted-to.pdf ./exp/MAG_
PairAcc3.eps)...executed (allowed).

Package epstopdf Info: Result file: <./exp/MAG_PairAcc3-eps-converted-to.pdf>
(epstopdf)                    date: 2017-09-18 16:04:14
(epstopdf)                    size: 4525 bytes.

<./exp/MAG_PairAcc3-eps-converted-to.pdf, id=81, 303.1325pt x 216.81pt>
File: ./exp/MAG_PairAcc3-eps-converted-to.pdf Graphic file (type pdf)

<use ./exp/MAG_PairAcc3-eps-converted-to.pdf>
Package pdftex.def Info: ./exp/MAG_PairAcc3-eps-converted-to.pdf used on input 
line 239.
(pdftex.def)             Requested size: 109.12761pt x 78.05153pt.
Package epstopdf Info: Source file: <./exp/MAG_sigma2.eps>
(epstopdf)                    date: 2017-09-18 13:54:51
(epstopdf)                    size: 22605 bytes
(epstopdf)             Output file: <./exp/MAG_sigma2-eps-converted-to.pdf>
(epstopdf)                    date: 2017-05-16 19:40:53
(epstopdf)                    size: 4129 bytes
(epstopdf)             Command: <epstopdf --outfile=./exp/MAG_sigma2-eps-conver
ted-to.pdf ./exp/MAG_sigma2.eps>
(epstopdf)             \includegraphics on input line 243.
runsystem(epstopdf --outfile=./exp/MAG_sigma2-eps-converted-to.pdf ./exp/MAG_si
gma2.eps)...executed (allowed).

Package epstopdf Info: Result file: <./exp/MAG_sigma2-eps-converted-to.pdf>
(epstopdf)                    date: 2017-09-18 16:04:15
(epstopdf)                    size: 4134 bytes.

<./exp/MAG_sigma2-eps-converted-to.pdf, id=82, 303.1325pt x 216.81pt>
File: ./exp/MAG_sigma2-eps-converted-to.pdf Graphic file (type pdf)

<use ./exp/MAG_sigma2-eps-converted-to.pdf>
Package pdftex.def Info: ./exp/MAG_sigma2-eps-converted-to.pdf used on input li
ne 243.
(pdftex.def)             Requested size: 109.12761pt x 78.05153pt.
Package epstopdf Info: Source file: <./exp/MAG_lambda.eps>
(epstopdf)                    date: 2017-09-18 13:54:51
(epstopdf)                    size: 22654 bytes
(epstopdf)             Output file: <./exp/MAG_lambda-eps-converted-to.pdf>
(epstopdf)                    date: 2017-05-16 19:40:53
(epstopdf)                    size: 4504 bytes
(epstopdf)             Command: <epstopdf --outfile=./exp/MAG_lambda-eps-conver
ted-to.pdf ./exp/MAG_lambda.eps>
(epstopdf)             \includegraphics on input line 247.
runsystem(epstopdf --outfile=./exp/MAG_lambda-eps-converted-to.pdf ./exp/MAG_la
mbda.eps)...executed (allowed).

Package epstopdf Info: Result file: <./exp/MAG_lambda-eps-converted-to.pdf>
(epstopdf)                    date: 2017-09-18 16:04:16
(epstopdf)                    size: 4513 bytes.

<./exp/MAG_lambda-eps-converted-to.pdf, id=83, 303.1325pt x 216.81pt>
File: ./exp/MAG_lambda-eps-converted-to.pdf Graphic file (type pdf)

<use ./exp/MAG_lambda-eps-converted-to.pdf>
Package pdftex.def Info: ./exp/MAG_lambda-eps-converted-to.pdf used on input li
ne 247.
(pdftex.def)             Requested size: 109.12761pt x 78.05153pt.
Package epstopdf Info: Source file: <./exp/AMiner_time_twpr.eps>
(epstopdf)                    date: 2017-09-18 13:54:51
(epstopdf)                    size: 22491 bytes
(epstopdf)             Output file: <./exp/AMiner_time_twpr-eps-converted-to.pd
f>
(epstopdf)                    date: 2017-05-16 19:40:54
(epstopdf)                    size: 4674 bytes
(epstopdf)             Command: <epstopdf --outfile=./exp/AMiner_time_twpr-eps-
converted-to.pdf ./exp/AMiner_time_twpr.eps>
(epstopdf)             \includegraphics on input line 261.
runsystem(epstopdf --outfile=./exp/AMiner_time_twpr-eps-converted-to.pdf ./exp/
AMiner_time_twpr.eps)...executed (allowed).

Package epstopdf Info: Result file: <./exp/AMiner_time_twpr-eps-converted-to.pd
f>
(epstopdf)                    date: 2017-09-18 16:04:17
(epstopdf)                    size: 4482 bytes.

<./exp/AMiner_time_twpr-eps-converted-to.pdf, id=84, 303.1325pt x 216.81pt>
File: ./exp/AMiner_time_twpr-eps-converted-to.pdf Graphic file (type pdf)

<use ./exp/AMiner_time_twpr-eps-converted-to.pdf>
Package pdftex.def Info: ./exp/AMiner_time_twpr-eps-converted-to.pdf used on in
put line 261.
(pdftex.def)             Requested size: 109.12761pt x 78.05153pt.
Package epstopdf Info: Source file: <./exp/AMiner_time.eps>
(epstopdf)                    date: 2017-09-18 13:54:51
(epstopdf)                    size: 23319 bytes
(epstopdf)             Output file: <./exp/AMiner_time-eps-converted-to.pdf>
(epstopdf)                    date: 2017-05-16 19:40:54
(epstopdf)                    size: 5034 bytes
(epstopdf)             Command: <epstopdf --outfile=./exp/AMiner_time-eps-conve
rted-to.pdf ./exp/AMiner_time.eps>
(epstopdf)             \includegraphics on input line 265.
runsystem(epstopdf --outfile=./exp/AMiner_time-eps-converted-to.pdf ./exp/AMine
r_time.eps)...executed (allowed).

Package epstopdf Info: Result file: <./exp/AMiner_time-eps-converted-to.pdf>
(epstopdf)                    date: 2017-09-18 16:04:18
(epstopdf)                    size: 4843 bytes.

<./exp/AMiner_time-eps-converted-to.pdf, id=85, 303.1325pt x 216.81pt>
File: ./exp/AMiner_time-eps-converted-to.pdf Graphic file (type pdf)

<use ./exp/AMiner_time-eps-converted-to.pdf>
Package pdftex.def Info: ./exp/AMiner_time-eps-converted-to.pdf used on input l
ine 265.
(pdftex.def)             Requested size: 109.12761pt x 78.05153pt.
Package epstopdf Info: Source file: <./exp/MAG_time_twpr.eps>
(epstopdf)                    date: 2017-09-18 13:54:52
(epstopdf)                    size: 22720 bytes
(epstopdf)             Output file: <./exp/MAG_time_twpr-eps-converted-to.pdf>
(epstopdf)                    date: 2017-05-16 19:40:54
(epstopdf)                    size: 4661 bytes
(epstopdf)             Command: <epstopdf --outfile=./exp/MAG_time_twpr-eps-con
verted-to.pdf ./exp/MAG_time_twpr.eps>
(epstopdf)             \includegraphics on input line 269.
runsystem(epstopdf --outfile=./exp/MAG_time_twpr-eps-converted-to.pdf ./exp/MAG
_time_twpr.eps)...executed (allowed).

Package epstopdf Info: Result file: <./exp/MAG_time_twpr-eps-converted-to.pdf>
(epstopdf)                    date: 2017-09-18 16:04:19
(epstopdf)                    size: 4503 bytes.

<./exp/MAG_time_twpr-eps-converted-to.pdf, id=86, 303.1325pt x 216.81pt>
File: ./exp/MAG_time_twpr-eps-converted-to.pdf Graphic file (type pdf)

<use ./exp/MAG_time_twpr-eps-converted-to.pdf>
Package pdftex.def Info: ./exp/MAG_time_twpr-eps-converted-to.pdf used on input
 line 269.
(pdftex.def)             Requested size: 109.12761pt x 78.05153pt.
Package epstopdf Info: Source file: <./exp/MAG_time.eps>
(epstopdf)                    date: 2017-09-18 13:54:51
(epstopdf)                    size: 23491 bytes
(epstopdf)             Output file: <./exp/MAG_time-eps-converted-to.pdf>
(epstopdf)                    date: 2017-05-16 19:40:55
(epstopdf)                    size: 5030 bytes
(epstopdf)             Command: <epstopdf --outfile=./exp/MAG_time-eps-converte
d-to.pdf ./exp/MAG_time.eps>
(epstopdf)             \includegraphics on input line 273.
runsystem(epstopdf --outfile=./exp/MAG_time-eps-converted-to.pdf ./exp/MAG_time
.eps)...executed (allowed).

Package epstopdf Info: Result file: <./exp/MAG_time-eps-converted-to.pdf>
(epstopdf)                    date: 2017-09-18 16:04:20
(epstopdf)                    size: 4855 bytes.

<./exp/MAG_time-eps-converted-to.pdf, id=87, 303.1325pt x 216.81pt>
File: ./exp/MAG_time-eps-converted-to.pdf Graphic file (type pdf)

<use ./exp/MAG_time-eps-converted-to.pdf>
Package pdftex.def Info: ./exp/MAG_time-eps-converted-to.pdf used on input line
 273.
(pdftex.def)             Requested size: 109.12761pt x 78.05153pt.
 [8]
Package epstopdf Info: Source file: <./exp/AAN-para-recm.eps>
(epstopdf)                    date: 2017-09-18 13:54:51
(epstopdf)                    size: 7457361 bytes
(epstopdf)             Output file: <./exp/AAN-para-recm-eps-converted-to.pdf>
(epstopdf)                    date: 2017-05-16 19:40:56
(epstopdf)                    size: 39644 bytes
(epstopdf)             Command: <epstopdf --outfile=./exp/AAN-para-recm-eps-con
verted-to.pdf ./exp/AAN-para-recm.eps>
(epstopdf)             \includegraphics on input line 385.
runsystem(epstopdf --outfile=./exp/AAN-para-recm-eps-converted-to.pdf ./exp/AAN
-para-recm.eps)...executed (allowed).

Package epstopdf Info: Result file: <./exp/AAN-para-recm-eps-converted-to.pdf>
(epstopdf)                    date: 2017-09-18 16:04:28
(epstopdf)                    size: 72543 bytes.

<./exp/AAN-para-recm-eps-converted-to.pdf, id=91, 602.25pt x 474.77374pt>
File: ./exp/AAN-para-recm-eps-converted-to.pdf Graphic file (type pdf)

<use ./exp/AAN-para-recm-eps-converted-to.pdf>
Package pdftex.def Info: ./exp/AAN-para-recm-eps-converted-to.pdf used on input
 line 385.
(pdftex.def)             Requested size: 150.56212pt x 118.69315pt.
Package epstopdf Info: Source file: <./exp/AMiner-para-recm.eps>
(epstopdf)                    date: 2017-09-18 13:54:51
(epstopdf)                    size: 7457340 bytes
(epstopdf)             Output file: <./exp/AMiner-para-recm-eps-converted-to.pd
f>
(epstopdf)                    date: 2017-05-16 19:40:56
(epstopdf)                    size: 40998 bytes
(epstopdf)             Command: <epstopdf --outfile=./exp/AMiner-para-recm-eps-
converted-to.pdf ./exp/AMiner-para-recm.eps>
(epstopdf)             \includegraphics on input line 390.
runsystem(epstopdf --outfile=./exp/AMiner-para-recm-eps-converted-to.pdf ./exp/
AMiner-para-recm.eps)...executed (allowed).

Package epstopdf Info: Result file: <./exp/AMiner-para-recm-eps-converted-to.pd
f>
(epstopdf)                    date: 2017-09-18 16:04:36
(epstopdf)                    size: 77140 bytes.

<./exp/AMiner-para-recm-eps-converted-to.pdf, id=92, 602.25pt x 474.77374pt>
File: ./exp/AMiner-para-recm-eps-converted-to.pdf Graphic file (type pdf)

<use ./exp/AMiner-para-recm-eps-converted-to.pdf>
Package pdftex.def Info: ./exp/AMiner-para-recm-eps-converted-to.pdf used on in
put line 390.
(pdftex.def)             Requested size: 150.56212pt x 118.69315pt.
Package epstopdf Info: Source file: <./exp/MAG-para-recm.eps>
(epstopdf)                    date: 2017-09-18 13:54:51
(epstopdf)                    size: 7457361 bytes
(epstopdf)             Output file: <./exp/MAG-para-recm-eps-converted-to.pdf>
(epstopdf)                    date: 2017-05-16 19:40:57
(epstopdf)                    size: 42637 bytes
(epstopdf)             Command: <epstopdf --outfile=./exp/MAG-para-recm-eps-con
verted-to.pdf ./exp/MAG-para-recm.eps>
(epstopdf)             \includegraphics on input line 395.
runsystem(epstopdf --outfile=./exp/MAG-para-recm-eps-converted-to.pdf ./exp/MAG
-para-recm.eps)...executed (allowed).

Package epstopdf Info: Result file: <./exp/MAG-para-recm-eps-converted-to.pdf>
(epstopdf)                    date: 2017-09-18 16:04:44
(epstopdf)                    size: 75979 bytes.

<./exp/MAG-para-recm-eps-converted-to.pdf, id=93, 602.25pt x 474.77374pt>
File: ./exp/MAG-para-recm-eps-converted-to.pdf Graphic file (type pdf)

<use ./exp/MAG-para-recm-eps-converted-to.pdf>
Package pdftex.def Info: ./exp/MAG-para-recm-eps-converted-to.pdf used on input
 line 395.
(pdftex.def)             Requested size: 150.56212pt x 118.69315pt.
Package epstopdf Info: Source file: <./exp/AAN-para-fcita.eps>
(epstopdf)                    date: 2017-09-18 13:54:50
(epstopdf)                    size: 7457338 bytes
(epstopdf)             Output file: <./exp/AAN-para-fcita-eps-converted-to.pdf>

(epstopdf)                    date: 2017-05-16 19:40:57
(epstopdf)                    size: 46222 bytes
(epstopdf)             Command: <epstopdf --outfile=./exp/AAN-para-fcita-eps-co
nverted-to.pdf ./exp/AAN-para-fcita.eps>
(epstopdf)             \includegraphics on input line 400.
runsystem(epstopdf --outfile=./exp/AAN-para-fcita-eps-converted-to.pdf ./exp/AA
N-para-fcita.eps)...executed (allowed).

Package epstopdf Info: Result file: <./exp/AAN-para-fcita-eps-converted-to.pdf>

(epstopdf)                    date: 2017-09-18 16:04:52
(epstopdf)                    size: 77585 bytes.

<./exp/AAN-para-fcita-eps-converted-to.pdf, id=94, 602.25pt x 474.77374pt>
File: ./exp/AAN-para-fcita-eps-converted-to.pdf Graphic file (type pdf)

<use ./exp/AAN-para-fcita-eps-converted-to.pdf>
Package pdftex.def Info: ./exp/AAN-para-fcita-eps-converted-to.pdf used on inpu
t line 400.
(pdftex.def)             Requested size: 150.56212pt x 118.69315pt.
Package epstopdf Info: Source file: <./exp/AMiner-para-fcita.eps>
(epstopdf)                    date: 2017-09-18 13:54:51
(epstopdf)                    size: 7457341 bytes
(epstopdf)             Output file: <./exp/AMiner-para-fcita-eps-converted-to.p
df>
(epstopdf)                    date: 2017-05-16 19:40:58
(epstopdf)                    size: 47793 bytes
(epstopdf)             Command: <epstopdf --outfile=./exp/AMiner-para-fcita-eps
-converted-to.pdf ./exp/AMiner-para-fcita.eps>
(epstopdf)             \includegraphics on input line 405.
runsystem(epstopdf --outfile=./exp/AMiner-para-fcita-eps-converted-to.pdf ./exp
/AMiner-para-fcita.eps)...executed (allowed).

Package epstopdf Info: Result file: <./exp/AMiner-para-fcita-eps-converted-to.p
df>
(epstopdf)                    date: 2017-09-18 16:04:59
(epstopdf)                    size: 71713 bytes.

<./exp/AMiner-para-fcita-eps-converted-to.pdf, id=95, 602.25pt x 474.77374pt>
File: ./exp/AMiner-para-fcita-eps-converted-to.pdf Graphic file (type pdf)

<use ./exp/AMiner-para-fcita-eps-converted-to.pdf>
Package pdftex.def Info: ./exp/AMiner-para-fcita-eps-converted-to.pdf used on i
nput line 405.
(pdftex.def)             Requested size: 150.56212pt x 118.69315pt.
Package epstopdf Info: Source file: <./exp/MAG-para-fcita.eps>
(epstopdf)                    date: 2017-09-18 13:54:51
(epstopdf)                    size: 7457338 bytes
(epstopdf)             Output file: <./exp/MAG-para-fcita-eps-converted-to.pdf>

(epstopdf)                    date: 2017-05-16 19:40:58
(epstopdf)                    size: 43021 bytes
(epstopdf)             Command: <epstopdf --outfile=./exp/MAG-para-fcita-eps-co
nverted-to.pdf ./exp/MAG-para-fcita.eps>
(epstopdf)             \includegraphics on input line 410.
runsystem(epstopdf --outfile=./exp/MAG-para-fcita-eps-converted-to.pdf ./exp/MA
G-para-fcita.eps)...executed (allowed).

Package epstopdf Info: Result file: <./exp/MAG-para-fcita-eps-converted-to.pdf>

(epstopdf)                    date: 2017-09-18 16:05:07
(epstopdf)                    size: 79281 bytes.

<./exp/MAG-para-fcita-eps-converted-to.pdf, id=96, 602.25pt x 474.77374pt>
File: ./exp/MAG-para-fcita-eps-converted-to.pdf Graphic file (type pdf)

<use ./exp/MAG-para-fcita-eps-converted-to.pdf>
Package pdftex.def Info: ./exp/MAG-para-fcita-eps-converted-to.pdf used on inpu
t line 410.
(pdftex.def)             Requested size: 150.56212pt x 118.69315pt.
 [9 <./exp/AAN_PairAcc1-eps-converted-to.pdf> <./exp/AAN_PairAcc2-eps-converted
-to.pdf> <./exp/AAN_PairAcc3-eps-converted-to.pdf> <./exp/AAN_sigma2-eps-conver
ted-to.pdf> <./exp/AAN_lambda-eps-converted-to.pdf> <./exp/AMiner_PairAcc1-eps-
converted-to.pdf> <./exp/AMiner_PairAcc2-eps-converted-to.pdf> <./exp/AMiner_Pa
irAcc3-eps-converted-to.pdf> <./exp/AMiner_sigma2-eps-converted-to.pdf> <./exp/
AMiner_lambda-eps-converted-to.pdf> <./exp/MAG_PairAcc1-eps-converted-to.pdf> <
./exp/MAG_PairAcc2-eps-converted-to.pdf> <./exp/MAG_PairAcc3-eps-converted-to.p
df> <./exp/MAG_sigma2-eps-converted-to.pdf> <./exp/MAG_lambda-eps-converted-to.
pdf> <./exp/AMiner_time_twpr-eps-converted-to.pdf> <./exp/AMiner_time-eps-conve
rted-to.pdf> <./exp/MAG_time_twpr-eps-converted-to.pdf> <./exp/MAG_time-eps-con
verted-to.pdf>]
Package epstopdf Info: Source file: <./exp/AAN_TWPageRank_recom.eps>
(epstopdf)                    date: 2017-09-18 13:54:51
(epstopdf)                    size: 26358 bytes
(epstopdf)             Output file: <./exp/AAN_TWPageRank_recom-eps-converted-t
o.pdf>
(epstopdf)             Command: <epstopdf --outfile=./exp/AAN_TWPageRank_recom-
eps-converted-to.pdf ./exp/AAN_TWPageRank_recom.eps>
(epstopdf)             \includegraphics on input line 531.
runsystem(epstopdf --outfile=./exp/AAN_TWPageRank_recom-eps-converted-to.pdf ./
exp/AAN_TWPageRank_recom.eps)...executed (allowed).

Package epstopdf Info: Result file: <./exp/AAN_TWPageRank_recom-eps-converted-t
o.pdf>
(epstopdf)                    date: 2017-09-18 16:05:08
(epstopdf)                    size: 9826 bytes.

<./exp/AAN_TWPageRank_recom-eps-converted-to.pdf, id=163, 454.69875pt x 216.81p
t>
File: ./exp/AAN_TWPageRank_recom-eps-converted-to.pdf Graphic file (type pdf)
 <use ./exp/AAN_TWPageRank_recom-eps-converted-to.pdf>
Package pdftex.def Info: ./exp/AAN_TWPageRank_recom-eps-converted-to.pdf used o
n input line 531.
(pdftex.def)             Requested size: 159.14694pt x 75.88463pt.
Package epstopdf Info: Source file: <./exp/AMiner_TWPageRank_recom.eps>
(epstopdf)                    date: 2017-09-18 13:54:51
(epstopdf)                    size: 26372 bytes
(epstopdf)             Output file: <./exp/AMiner_TWPageRank_recom-eps-converte
d-to.pdf>
(epstopdf)             Command: <epstopdf --outfile=./exp/AMiner_TWPageRank_rec
om-eps-converted-to.pdf ./exp/AMiner_TWPageRank_recom.eps>
(epstopdf)             \includegraphics on input line 535.
runsystem(epstopdf --outfile=./exp/AMiner_TWPageRank_recom-eps-converted-to.pdf
 ./exp/AMiner_TWPageRank_recom.eps)...executed (allowed).

Package epstopdf Info: Result file: <./exp/AMiner_TWPageRank_recom-eps-converte
d-to.pdf>
(epstopdf)                    date: 2017-09-18 16:05:09
(epstopdf)                    size: 10238 bytes.

<./exp/AMiner_TWPageRank_recom-eps-converted-to.pdf, id=164, 454.69875pt x 216.
81pt>
File: ./exp/AMiner_TWPageRank_recom-eps-converted-to.pdf Graphic file (type pdf
)
 <use ./exp/AMiner_TWPageRank_recom-eps-converted-to.pdf>
Package pdftex.def Info: ./exp/AMiner_TWPageRank_recom-eps-converted-to.pdf use
d on input line 535.
(pdftex.def)             Requested size: 159.14694pt x 75.88463pt.
Package epstopdf Info: Source file: <./exp/MAG_TWPageRank_recom.eps>
(epstopdf)                    date: 2017-09-18 13:54:51
(epstopdf)                    size: 26358 bytes
(epstopdf)             Output file: <./exp/MAG_TWPageRank_recom-eps-converted-t
o.pdf>
(epstopdf)             Command: <epstopdf --outfile=./exp/MAG_TWPageRank_recom-
eps-converted-to.pdf ./exp/MAG_TWPageRank_recom.eps>
(epstopdf)             \includegraphics on input line 539.
runsystem(epstopdf --outfile=./exp/MAG_TWPageRank_recom-eps-converted-to.pdf ./
exp/MAG_TWPageRank_recom.eps)...executed (allowed).

Package epstopdf Info: Result file: <./exp/MAG_TWPageRank_recom-eps-converted-t
o.pdf>
(epstopdf)                    date: 2017-09-18 16:05:10
(epstopdf)                    size: 8847 bytes.

<./exp/MAG_TWPageRank_recom-eps-converted-to.pdf, id=165, 454.69875pt x 216.81p
t>
File: ./exp/MAG_TWPageRank_recom-eps-converted-to.pdf Graphic file (type pdf)
 <use ./exp/MAG_TWPageRank_recom-eps-converted-to.pdf>
Package pdftex.def Info: ./exp/MAG_TWPageRank_recom-eps-converted-to.pdf used o
n input line 539.
(pdftex.def)             Requested size: 159.14694pt x 75.88463pt.
Package epstopdf Info: Source file: <./exp/AAN_TWPageRank_fcita.eps>
(epstopdf)                    date: 2017-09-18 13:54:51
(epstopdf)                    size: 26362 bytes
(epstopdf)             Output file: <./exp/AAN_TWPageRank_fcita-eps-converted-t
o.pdf>
(epstopdf)             Command: <epstopdf --outfile=./exp/AAN_TWPageRank_fcita-
eps-converted-to.pdf ./exp/AAN_TWPageRank_fcita.eps>
(epstopdf)             \includegraphics on input line 543.
runsystem(epstopdf --outfile=./exp/AAN_TWPageRank_fcita-eps-converted-to.pdf ./
exp/AAN_TWPageRank_fcita.eps)...executed (allowed).

Package epstopdf Info: Result file: <./exp/AAN_TWPageRank_fcita-eps-converted-t
o.pdf>
(epstopdf)                    date: 2017-09-18 16:05:11
(epstopdf)                    size: 10471 bytes.

<./exp/AAN_TWPageRank_fcita-eps-converted-to.pdf, id=166, 454.69875pt x 216.81p
t>
File: ./exp/AAN_TWPageRank_fcita-eps-converted-to.pdf Graphic file (type pdf)
 <use ./exp/AAN_TWPageRank_fcita-eps-converted-to.pdf>
Package pdftex.def Info: ./exp/AAN_TWPageRank_fcita-eps-converted-to.pdf used o
n input line 543.
(pdftex.def)             Requested size: 159.14694pt x 75.88463pt.
Package epstopdf Info: Source file: <./exp/AMiner_TWPageRank_fcita.eps>
(epstopdf)                    date: 2017-09-18 13:54:51
(epstopdf)                    size: 26368 bytes
(epstopdf)             Output file: <./exp/AMiner_TWPageRank_fcita-eps-converte
d-to.pdf>
(epstopdf)             Command: <epstopdf --outfile=./exp/AMiner_TWPageRank_fci
ta-eps-converted-to.pdf ./exp/AMiner_TWPageRank_fcita.eps>
(epstopdf)             \includegraphics on input line 547.
runsystem(epstopdf --outfile=./exp/AMiner_TWPageRank_fcita-eps-converted-to.pdf
 ./exp/AMiner_TWPageRank_fcita.eps)...executed (allowed).

Package epstopdf Info: Result file: <./exp/AMiner_TWPageRank_fcita-eps-converte
d-to.pdf>
(epstopdf)                    date: 2017-09-18 16:05:12
(epstopdf)                    size: 10923 bytes.

<./exp/AMiner_TWPageRank_fcita-eps-converted-to.pdf, id=167, 454.69875pt x 216.
81pt>
File: ./exp/AMiner_TWPageRank_fcita-eps-converted-to.pdf Graphic file (type pdf
)
 <use ./exp/AMiner_TWPageRank_fcita-eps-converted-to.pdf>
Package pdftex.def Info: ./exp/AMiner_TWPageRank_fcita-eps-converted-to.pdf use
d on input line 547.
(pdftex.def)             Requested size: 159.14694pt x 75.88463pt.
Package epstopdf Info: Source file: <./exp/MAG_TWPageRank_fcita.eps>
(epstopdf)                    date: 2017-09-18 13:54:51
(epstopdf)                    size: 26362 bytes
(epstopdf)             Output file: <./exp/MAG_TWPageRank_fcita-eps-converted-t
o.pdf>
(epstopdf)             Command: <epstopdf --outfile=./exp/MAG_TWPageRank_fcita-
eps-converted-to.pdf ./exp/MAG_TWPageRank_fcita.eps>
(epstopdf)             \includegraphics on input line 551.
runsystem(epstopdf --outfile=./exp/MAG_TWPageRank_fcita-eps-converted-to.pdf ./
exp/MAG_TWPageRank_fcita.eps)...executed (allowed).

Package epstopdf Info: Result file: <./exp/MAG_TWPageRank_fcita-eps-converted-t
o.pdf>
(epstopdf)                    date: 2017-09-18 16:05:13
(epstopdf)                    size: 10304 bytes.

<./exp/MAG_TWPageRank_fcita-eps-converted-to.pdf, id=168, 454.69875pt x 216.81p
t>
File: ./exp/MAG_TWPageRank_fcita-eps-converted-to.pdf Graphic file (type pdf)
 <use ./exp/MAG_TWPageRank_fcita-eps-converted-to.pdf>
Package pdftex.def Info: ./exp/MAG_TWPageRank_fcita-eps-converted-to.pdf used o
n input line 551.
(pdftex.def)             Requested size: 159.14694pt x 75.88463pt.
 [10 <./exp/AAN-para-recm-eps-converted-to.pdf> <./exp/AMiner-para-recm-eps-con
verted-to.pdf> <./exp/MAG-para-recm-eps-converted-to.pdf> <./exp/AAN-para-fcita
-eps-converted-to.pdf> <./exp/AMiner-para-fcita-eps-converted-to.pdf> <./exp/MA
G-para-fcita-eps-converted-to.pdf>]) (sec-related.tex
Underfull \vbox (badness 6428) has occurred while \output is active []

 [11 <./exp/AAN_TWPageRank_recom-eps-converted-to.pdf> <./exp/AMiner_TWPageRank
_recom-eps-converted-to.pdf> <./exp/MAG_TWPageRank_recom-eps-converted-to.pdf> 
<./exp/AAN_TWPageRank_fcita-eps-converted-to.pdf> <./exp/AMiner_TWPageRank_fcit
a-eps-converted-to.pdf> <./exp/MAG_TWPageRank_fcita-eps-converted-to.pdf>]) (SA
Rank.bbl)

** Conference Paper **
Before submitting the final camera ready copy, remember to:

 1. Manually equalize the lengths of two columns on the last page
 of your paper;

 2. Ensure that any PostScript and/or PDF output post-processing
 uses only Type 1 fonts and that every step in the generation
 process uses the appropriate paper size.


Overfull \vbox (4.55696pt too high) has occurred while \output is active []


[12] (SARank.aux) ) 
Here is how much of TeX's memory you used:
 4657 strings out of 495232
 68152 string characters out of 3182687
 170882 words of memory out of 3000000
 7750 multiletter control sequences out of 15000+200000
 58241 words of font info for 125 fonts, out of 3000000 for 9000
 14 hyphenation exceptions out of 8191
 42i,19n,26p,1051b,333s stack positions out of 5000i,500n,10000p,200000b,50000s
{C:/CTEX/MiKTeX/fonts/enc/dvips/base/8r.enc}<C:/CTEX/MiKTeX/
fonts/type1/public/amsfonts/cmextra/cmex7.pfb><C:/CTEX/MiKTeX/fonts/type1/publi
c/amsfonts/cmextra/cmex9.pfb><C:/CTEX/MiKTeX/fonts/type1/public/amsfonts/cm/cmm
i10.pfb><C:/CTEX/MiKTeX/fonts/type1/public/amsfonts/cm/cmmi5.pfb><C:/CTEX/MiKTe
X/fonts/type1/public/amsfonts/cm/cmmi6.pfb><C:/CTEX/MiKTeX/fonts/type1/public/a
msfonts/cm/cmmi7.pfb><C:/CTEX/MiKTeX/fonts/type1/public/amsfonts/cm/cmmi9.pfb><
C:/CTEX/MiKTeX/fonts/type1/public/amsfonts/cm/cmr10.pfb><C:/CTEX/MiKTeX/fonts/t
ype1/public/amsfonts/cm/cmr5.pfb><C:/CTEX/MiKTeX/fonts/type1/public/amsfonts/cm
/cmr6.pfb><C:/CTEX/MiKTeX/fonts/type1/public/amsfonts/cm/cmr7.pfb><C:/CTEX/MiKT
eX/fonts/type1/public/amsfonts/cm/cmr9.pfb><C:/CTEX/MiKTeX/fonts/type1/public/a
msfonts/cm/cmss10.pfb><C:/CTEX/MiKTeX/fonts/type1/public/amsfonts/cm/cmss9.pfb>
<C:/CTEX/MiKTeX/fonts/type1/public/amsfonts/cm/cmsy10.pfb><C:/CTEX/MiKTeX/fonts
/type1/public/amsfonts/cm/cmsy5.pfb><C:/CTEX/MiKTeX/fonts/type1/public/amsfonts
/cm/cmsy6.pfb><C:/CTEX/MiKTeX/fonts/type1/public/amsfonts/cm/cmsy7.pfb><C:/CTEX
/MiKTeX/fonts/type1/public/amsfonts/cm/cmsy9.pfb><C:/CTEX/MiKTeX/fonts/type1/pu
blic/amsfonts/latxfont/lasy10.pfb><C:/CTEX/MiKTeX/fonts/type1/urw/courier/ucrr8
a.pfb><C:/CTEX/MiKTeX/fonts/type1/urw/times/utmb8a.pfb><C:/CTEX/MiKTeX/fonts/ty
pe1/urw/times/utmbi8a.pfb><C:/CTEX/MiKTeX/fonts/type1/urw/times/utmr8a.pfb><C:/
CTEX/MiKTeX/fonts/type1/urw/times/utmr8a.pfb><C:/CTEX/MiKTeX/fonts/type1/urw/ti
mes/utmri8a.pfb>
Output written on SARank.pdf (12 pages, 989950 bytes).
PDF statistics:
 337 PDF objects out of 1000 (max. 8388607)
 0 named destinations out of 1000 (max. 500000)
 171 words of extra memory for PDF output out of 10000 (max. 10000000)

