This is pdfTeX, Version 3.1415926-2.3-1.40.12 (MiKTeX 2.9) (preloaded format=latex 2013.1.6)  27 APR 2015 12:42
entering extended mode
**paper.tex
(D:\SVNBeiHang\eCD\paper\trunk\revision2\paper.tex
LaTeX2e <2011/06/27>
Babel <v3.8m> and hyphenation patterns for loaded.
(D:\SVNBeiHang\eCD\paper\trunk\revision2\IEEEtran.cls
Document Class: IEEEtran 2014/09/17 V1.8a by Michael Shell
-- See the "IEEEtran_HOWTO" manual for usage information.
-- http://www.michaelshell.org/tex/ieeetran/
\@IEEEtrantmpdimenA=\dimen102
\@IEEEtrantmpdimenB=\dimen103
\@IEEEtrantmpdimenC=\dimen104
\@IEEEtrantmpcountA=\count79
\@IEEEtrantmpcountB=\count80
\@IEEEtrantmpcountC=\count81
\@IEEEtrantmptoksA=\toks14
-- Using IEEE Computer Society mode.
LaTeX Font Info:    Try loading font information for OT1+ppl on input line 458.

(C:\CTEX\MiKTeX\tex\latex\psnfss\ot1ppl.fd
File: ot1ppl.fd 2001/06/04 font definitions for OT1/ppl.
)
-- Using 8.5in x 11in (letter) paper.
-- Using DVI output.
\@IEEEnormalsizeunitybaselineskip=\dimen105
-- This is a 10 point document.
\CLASSINFOnormalsizebaselineskip=\dimen106
\CLASSINFOnormalsizeunitybaselineskip=\dimen107
\IEEEnormaljot=\dimen108
LaTeX Font Info:    Font shape `OT1/ppl/bx/n' in size <5.01874> not available
(Font)              Font shape `OT1/ppl/b/n' tried instead on input line 1039.
LaTeX Font Info:    Font shape `OT1/ppl/bx/it' in size <5.01874> not available
(Font)              Font shape `OT1/ppl/b/it' tried instead on input line 1039.

LaTeX Font Info:    Font shape `OT1/ppl/bx/n' in size <7.02625> not available
(Font)              Font shape `OT1/ppl/b/n' tried instead on input line 1039.
LaTeX Font Info:    Font shape `OT1/ppl/bx/it' in size <7.02625> not available
(Font)              Font shape `OT1/ppl/b/it' tried instead on input line 1039.

LaTeX Font Info:    Font shape `OT1/ppl/bx/n' in size <8.03> not available
(Font)              Font shape `OT1/ppl/b/n' tried instead on input line 1039.
LaTeX Font Info:    Font shape `OT1/ppl/bx/it' in size <8.03> not available
(Font)              Font shape `OT1/ppl/b/it' tried instead on input line 1039.

LaTeX Font Info:    Font shape `OT1/ppl/bx/n' in size <9.03374> not available
(Font)              Font shape `OT1/ppl/b/n' tried instead on input line 1039.
LaTeX Font Info:    Font shape `OT1/ppl/bx/it' in size <9.03374> not available
(Font)              Font shape `OT1/ppl/b/it' tried instead on input line 1039.

LaTeX Font Info:    Font shape `OT1/ppl/bx/n' in size <9.53561> not available
(Font)              Font shape `OT1/ppl/b/n' tried instead on input line 1039.
LaTeX Font Info:    Font shape `OT1/ppl/bx/it' in size <9.53561> not available
(Font)              Font shape `OT1/ppl/b/it' tried instead on input line 1039.

LaTeX Font Info:    Font shape `OT1/ppl/bx/n' in size <11.04124> not available
(Font)              Font shape `OT1/ppl/b/n' tried instead on input line 1039.
LaTeX Font Info:    Font shape `OT1/ppl/bx/it' in size <11.04124> not available

(Font)              Font shape `OT1/ppl/b/it' tried instead on input line 1039.

LaTeX Font Info:    Font shape `OT1/ppl/bx/n' in size <12.045> not available
(Font)              Font shape `OT1/ppl/b/n' tried instead on input line 1039.
LaTeX Font Info:    Font shape `OT1/ppl/bx/it' in size <12.045> not available
(Font)              Font shape `OT1/ppl/b/it' tried instead on input line 1039.

LaTeX Font Info:    Font shape `OT1/ppl/bx/n' in size <17.06374> not available
(Font)              Font shape `OT1/ppl/b/n' tried instead on input line 1039.
LaTeX Font Info:    Font shape `OT1/ppl/bx/it' in size <17.06374> not available

(Font)              Font shape `OT1/ppl/b/it' tried instead on input line 1039.

LaTeX Font Info:    Font shape `OT1/ppl/bx/n' in size <20.075> not available
(Font)              Font shape `OT1/ppl/b/n' tried instead on input line 1039.
LaTeX Font Info:    Font shape `OT1/ppl/bx/it' in size <20.075> not available
(Font)              Font shape `OT1/ppl/b/it' tried instead on input line 1039.

LaTeX Font Info:    Font shape `OT1/ppl/bx/n' in size <24.09> not available
(Font)              Font shape `OT1/ppl/b/n' tried instead on input line 1039.
LaTeX Font Info:    Font shape `OT1/ppl/bx/it' in size <24.09> not available
(Font)              Font shape `OT1/ppl/b/it' tried instead on input line 1039.

\IEEEquantizedlength=\dimen109
\IEEEquantizedlengthdiff=\dimen110
\IEEEquantizedtextheightdiff=\dimen111
\IEEEilabelindentA=\dimen112
\IEEEilabelindentB=\dimen113
\IEEEilabelindent=\dimen114
\IEEEelabelindent=\dimen115
\IEEEdlabelindent=\dimen116
\IEEElabelindent=\dimen117
\IEEEiednormlabelsep=\dimen118
\IEEEiedmathlabelsep=\dimen119
\IEEEiedtopsep=\skip41
\c@section=\count82
\c@subsection=\count83
\c@subsubsection=\count84
\c@paragraph=\count85
\c@IEEEsubequation=\count86
\abovecaptionskip=\skip42
\belowcaptionskip=\skip43
\c@figure=\count87
\c@table=\count88
\@IEEEeqnnumcols=\count89
\@IEEEeqncolcnt=\count90
\@IEEEsubeqnnumrollback=\count91
\@IEEEquantizeheightA=\dimen120
\@IEEEquantizeheightB=\dimen121
\@IEEEquantizeheightC=\dimen122
\@IEEEquantizeprevdepth=\dimen123
\@IEEEquantizemultiple=\count92
\@IEEEquantizeboxA=\box26
\@IEEEtmpitemindent=\dimen124
\c@IEEEbiography=\count93
\@IEEEtranrubishbin=\box27
) (C:\CTEX\MiKTeX\tex\latex\cite\cite.sty
LaTeX Info: Redefining \cite on input line 302.
LaTeX Info: Redefining \nocite on input line 373.
Package: cite 2010/09/10  v 5.3
)
(C:\CTEX\MiKTeX\tex\latex\tools\enumerate.sty
Package: enumerate 1999/03/05 v3.00 enumerate extensions (DPC)
\@enLab=\toks15
)
(C:\CTEX\MiKTeX\tex\latex\base\latexsym.sty
Package: latexsym 1998/08/17 v2.2e Standard LaTeX package (lasy symbols)
\symlasy=\mathgroup4
LaTeX Font Info:    Overwriting symbol font `lasy' in version `bold'
(Font)                  U/lasy/m/n --> U/lasy/b/n on input line 47.
)
(C:\CTEX\MiKTeX\tex\latex\amsfonts\amsfonts.sty
Package: amsfonts 2009/06/22 v3.00 Basic AMSFonts support
\@emptytoks=\toks16
\symAMSa=\mathgroup5
\symAMSb=\mathgroup6
LaTeX Font Info:    Overwriting math alphabet `\mathfrak' in version `bold'
(Font)                  U/euf/m/n --> U/euf/b/n on input line 96.
)
(C:\CTEX\MiKTeX\tex\latex\ams\math\amsmath.sty
Package: amsmath 2000/07/18 v2.13 AMS math features
\@mathmargin=\skip44

For additional information on amsmath, use the `?' option.
(C:\CTEX\MiKTeX\tex\latex\ams\math\amstext.sty
Package: amstext 2000/06/29 v2.01

(C:\CTEX\MiKTeX\tex\latex\ams\math\amsgen.sty
File: amsgen.sty 1999/11/30 v2.0
\@emptytoks=\toks17
\ex@=\dimen125
))
(C:\CTEX\MiKTeX\tex\latex\ams\math\amsbsy.sty
Package: amsbsy 1999/11/29 v1.2d
\pmbraise@=\dimen126
)
(C:\CTEX\MiKTeX\tex\latex\ams\math\amsopn.sty
Package: amsopn 1999/12/14 v2.01 operator names
)
\inf@bad=\count94
LaTeX Info: Redefining \frac on input line 211.
\uproot@=\count95
\leftroot@=\count96
LaTeX Info: Redefining \overline on input line 307.
\classnum@=\count97
\DOTSCASE@=\count98
LaTeX Info: Redefining \ldots on input line 379.
LaTeX Info: Redefining \dots on input line 382.
LaTeX Info: Redefining \cdots on input line 467.
\Mathstrutbox@=\box28
\strutbox@=\box29
\big@size=\dimen127
LaTeX Font Info:    Redeclaring font encoding OML on input line 567.
LaTeX Font Info:    Redeclaring font encoding OMS on input line 568.
\macc@depth=\count99
\c@MaxMatrixCols=\count100
\dotsspace@=\muskip10
\c@parentequation=\count101
\dspbrk@lvl=\count102
\tag@help=\toks18
\row@=\count103
\column@=\count104
\maxfields@=\count105
\andhelp@=\toks19
\eqnshift@=\dimen128
\alignsep@=\dimen129
\tagshift@=\dimen130
\tagwidth@=\dimen131
\totwidth@=\dimen132
\lineht@=\dimen133
\@envbody=\toks20
\multlinegap=\skip45
\multlinetaggap=\skip46
\mathdisplay@stack=\toks21
LaTeX Info: Redefining \[ on input line 2666.
LaTeX Info: Redefining \] on input line 2667.
)
(C:\CTEX\MiKTeX\tex\latex\amsfonts\amssymb.sty
Package: amssymb 2009/06/22 v3.00
)
(C:\CTEX\MiKTeX\tex\latex\graphics\color.sty
Package: color 2005/11/14 v1.0j Standard LaTeX Color (DPC)

(C:\CTEX\MiKTeX\tex\latex\00miktex\color.cfg
File: color.cfg 2007/01/18 v1.5 color configuration of teTeX/TeXLive
)
Package color Info: Driver file: dvips.def on input line 130.

(C:\CTEX\MiKTeX\tex\latex\graphics\dvips.def
File: dvips.def 1999/02/16 v3.0i Driver-dependant file (DPC,SPQR)
)
(C:\CTEX\MiKTeX\tex\latex\graphics\dvipsnam.def
File: dvipsnam.def 1999/02/16 v3.0i Driver-dependant file (DPC,SPQR)
))
(C:\CTEX\MiKTeX\tex\latex\colortbl\colortbl.sty
Package: colortbl 2001/02/13 v0.1j Color table columns (DPC)

(C:\CTEX\MiKTeX\tex\latex\tools\array.sty
Package: array 2008/09/09 v2.4c Tabular extension package (FMi)
\col@sep=\dimen134
\extrarowheight=\dimen135
\NC@list=\toks22
\extratabsurround=\skip47
\backup@length=\skip48
)
\everycr=\toks23
\minrowclearance=\skip49
)
(C:\CTEX\MiKTeX\tex\latex\graphics\epsfig.sty
Package: epsfig 1999/02/16 v1.7a (e)psfig emulation (SPQR)

(C:\CTEX\MiKTeX\tex\latex\graphics\graphicx.sty
Package: graphicx 1999/02/16 v1.0f Enhanced LaTeX Graphics (DPC,SPQR)

(C:\CTEX\MiKTeX\tex\latex\graphics\keyval.sty
Package: keyval 1999/03/16 v1.13 key=value parser (DPC)
\KV@toks@=\toks24
)
(C:\CTEX\MiKTeX\tex\latex\graphics\graphics.sty
Package: graphics 2009/02/05 v1.0o Standard LaTeX Graphics (DPC,SPQR)

(C:\CTEX\MiKTeX\tex\latex\graphics\trig.sty
Package: trig 1999/03/16 v1.09 sin cos tan (DPC)
)
(C:\CTEX\MiKTeX\tex\latex\00miktex\graphics.cfg
File: graphics.cfg 2007/01/18 v1.5 graphics configuration of teTeX/TeXLive
)
Package graphics Info: Driver file: dvips.def on input line 91.
)
\Gin@req@height=\dimen136
\Gin@req@width=\dimen137
)
\epsfxsize=\dimen138
\epsfysize=\dimen139
)
(C:\CTEX\MiKTeX\tex\latex\tools\xspace.sty
Package: xspace 2009/10/20 v1.13 Space after command names (DPC,MH)
)
(C:\CTEX\MiKTeX\tex\latex\subfigure\subfigure.sty
Package: subfigure 2002/07/30 v2.1.4 subfigure package
\subfigtopskip=\skip50
\subfigcapskip=\skip51
\subfigcaptopadj=\dimen140
\subfigbottomskip=\skip52
\subfigcapmargin=\dimen141
\subfiglabelskip=\skip53
\c@subfigure=\count106
\c@lofdepth=\count107
\c@subtable=\count108
\c@lotdepth=\count109

****************************************
* Local config file subfigure.cfg used *
****************************************
(C:\CTEX\MiKTeX\tex\latex\subfigure\subfigure.cfg)
\subfig@top=\skip54
\subfig@bottom=\skip55
)
(C:\CTEX\MiKTeX\tex\latex\preprint\balance.sty
Package: balance 1999/02/23 4.3 (PWD)
\oldvsize=\dimen142
)
(C:\CTEX\MiKTeX\tex\generic\babel\babel.sty
Package: babel 2008/07/08 v3.8m The Babel package

*************************************
* Local config file bblopts.cfg used
*
(C:\CTEX\MiKTeX\tex\latex\00miktex\bblopts.cfg
File: bblopts.cfg 2006/07/31 v1.0 MiKTeX 'babel' configuration
)
(C:\CTEX\MiKTeX\tex\generic\babel\english.ldf
Language: english 2005/03/30 v3.3o English support from the babel system

(C:\CTEX\MiKTeX\tex\generic\babel\babel.def
File: babel.def 2008/07/08 v3.8m Babel common definitions
\babel@savecnt=\count110
\U@D=\dimen143
)
\l@british = a dialect from \language0
\l@UKenglish = a dialect from \language0
\l@american = a dialect from \language0
\l@canadian = a dialect from \language\l@american 
\l@australian = a dialect from \language\l@british 
\l@newzealand = a dialect from \language\l@british 
))
(C:\CTEX\MiKTeX\tex\latex\multirow\multirow.sty
\bigstrutjot=\dimen144
)
(C:\CTEX\MiKTeX\tex\latex\ltxmisc\url.sty
\Urlmuskip=\muskip11
Package: url 2006/04/12  ver 3.3  Verb mode for urls, etc.
)
\c@ccc=\count111
\c@example=\count112
\c@theorem=\count113
\c@prop=\count114
\c@lemma=\count115
\c@cor=\count116
\c@definition=\count117
\c@alg=\count118
\c@arule=\count119
\c@claim=\count120

(D:\SVNBeiHang\eCD\paper\trunk\revision2\paper.aux)
LaTeX Font Info:    Checking defaults for OML/cmm/m/it on input line 909.
LaTeX Font Info:    ... okay on input line 909.
LaTeX Font Info:    Checking defaults for T1/cmr/m/n on input line 909.
LaTeX Font Info:    ... okay on input line 909.
LaTeX Font Info:    Checking defaults for OT1/cmr/m/n on input line 909.
LaTeX Font Info:    ... okay on input line 909.
LaTeX Font Info:    Checking defaults for OMS/cmsy/m/n on input line 909.
LaTeX Font Info:    ... okay on input line 909.
LaTeX Font Info:    Checking defaults for OMX/cmex/m/n on input line 909.
LaTeX Font Info:    ... okay on input line 909.
LaTeX Font Info:    Checking defaults for U/cmr/m/n on input line 909.
LaTeX Font Info:    ... okay on input line 909.

-- Lines per column: 61 (exact).
LaTeX Font Info:    Try loading font information for OT1+phv on input line 1064
.
(C:\CTEX\MiKTeX\tex\latex\psnfss\ot1phv.fd
File: ot1phv.fd 2001/06/04 scalable font definitions for OT1/phv.
)
LaTeX Font Info:    Font shape `OT1/phv/bx/n' in size <8.03> not available
(Font)              Font shape `OT1/phv/b/n' tried instead on input line 1064.
LaTeX Font Info:    Calculating math sizes for size <8.03> on input line 1064.
LaTeX Font Info:    Try loading font information for U+lasy on input line 1064.


(C:\CTEX\MiKTeX\tex\latex\base\ulasy.fd
File: ulasy.fd 1998/08/17 v2.2e LaTeX symbol font definitions
)
LaTeX Font Info:    Try loading font information for U+msa on input line 1064.

(C:\CTEX\MiKTeX\tex\latex\amsfonts\umsa.fd
File: umsa.fd 2009/06/22 v3.00 AMS symbols A
)
LaTeX Font Info:    Try loading font information for U+msb on input line 1064.

(C:\CTEX\MiKTeX\tex\latex\amsfonts\umsb.fd
File: umsb.fd 2009/06/22 v3.00 AMS symbols B
)
LaTeX Font Info:    Font shape `OT1/phv/m/it' in size <8.03> not available
(Font)              Font shape `OT1/phv/m/sl' tried instead on input line 1064.

LaTeX Font Info:    Calculating math sizes for size <11.04124> on input line 10
64.
LaTeX Font Info:    Try loading font information for U+pzd on input line 1064.

(C:\CTEX\MiKTeX\tex\latex\psnfss\upzd.fd
File: upzd.fd 2001/06/04 font definitions for U/pzd.
)
LaTeX Font Info:    Try loading font information for OMS+ppl on input line 1064
.

(C:\CTEX\MiKTeX\tex\latex\psnfss\omsppl.fd
File: omsppl.fd 
)
LaTeX Font Info:    Font shape `OMS/ppl/m/it' in size <8.03> not available
(Font)              Font shape `OMS/cmsy/m/n' tried instead on input line 1064.


(D:\SVNBeiHang\eCD\paper\trunk\revision2\sec-intro.tex
LaTeX Font Info:    Font shape `OT1/phv/bx/n' in size <11.04124> not available
(Font)              Font shape `OT1/phv/b/n' tried instead on input line 4.
LaTeX Font Info:    Font shape `OT1/phv/bx/sc' in size <11.04124> not available

(Font)              Font shape `OT1/phv/b/sc' tried instead on input line 4.
LaTeX Font Info:    Calculating math sizes for size <9.53561> on input line 20.

LaTeX Font Info:    Calculating math sizes for size <9.03374> on input line 47.


Overfull \hbox (41.74725pt too wide) in paragraph at lines 47--48
[][][] 
 []


Overfull \hbox (4.19653pt too wide) in paragraph at lines 63--64
[][][] 
 []

[1


] [2]) (D:\SVNBeiHang\eCD\paper\trunk\revision2\sec-cfd.tex [3])
(D:\SVNBeiHang\eCD\paper\trunk\revision2\sec-cind.tex
Underfull \hbox (badness 1867) in paragraph at lines 103--107
[][]\OT1/ppl/m/n/9.53561 Obviously un-safe \OT1/ppl/m/sc/9.53561 cind$[]$\OT1/p
pl/m/n/9.03374 s \OT1/ppl/m/n/9.53561 do not make sense: no
 []

) (D:\SVNBeiHang\eCD\paper\trunk\revision2\sec-reasoning.tex
LaTeX Font Info:    Font shape `OT1/phv/bx/n' in size <9.53561> not available
(Font)              Font shape `OT1/phv/b/n' tried instead on input line 12.
 [4] [5] [6]
[7]
Underfull \hbox (badness 2469) in paragraph at lines 575--595
\OT1/ppl/m/n/9.53561 and $\OML/cmm/m/it/10 B[]; [] ; B[]$\OT1/ppl/m/n/9.53561 )
; (b) $\OML/cmm/m/it/10 X[]$ \OT1/ppl/m/n/9.53561 (resp. $\OML/cmm/m/it/10 Y[]$
\OT1/ppl/m/n/9.53561 ) cor-re-sponds to
 []


Underfull \hbox (badness 1939) in paragraph at lines 575--595
\OT1/ppl/m/n/9.53561 those fi-nite do-main at-tributes in $\OML/cmm/m/it/10 R[]
$ \OT1/ppl/m/n/9.53561 (resp. $\OML/cmm/m/it/10 R[]$\OT1/ppl/m/n/9.53561 ), but

 []

) (D:\SVNBeiHang\eCD\paper\trunk\revision2\sec-detect.tex
Underfull \hbox (badness 1661) in paragraph at lines 158--179
[]\OT1/ppl/b/n/9.53561 Encoding CFD$[]$s\OT1/ppl/m/n/9.53561 . We en-code all p
at-tern tableaux in
 []

[8] [9]) (D:\SVNBeiHang\eCD\paper\trunk\revision2\sec-exp.tex [10]
File: ./exp-fig/11a.eps Graphic file (type eps)

<./exp-fig/11a.eps>
File: ./exp-fig/11b.eps Graphic file (type eps)
 <./exp-fig/11b.eps>
File: ./exp-fig/11c.eps Graphic file (type eps)
 <./exp-fig/11c.eps>
File: ./exp-fig/11d.eps Graphic file (type eps)

<./exp-fig/11d.eps>
File: ./exp-fig/12a.eps Graphic file (type eps)
 <./exp-fig/12a.eps>
File: ./exp-fig/12b.eps Graphic file (type eps)
 <./exp-fig/12b.eps>
File: ./exp-fig/12c.eps Graphic file (type eps)

<./exp-fig/12c.eps>
File: ./exp-fig/12d.eps Graphic file (type eps)
 <./exp-fig/12d.eps>
File: ./exp-fig/12e.eps Graphic file (type eps)
 <./exp-fig/12e.eps>
File: ./exp-fig/12f.eps Graphic file (type eps)

<./exp-fig/12f.eps>
File: ./exp-fig/13a.eps Graphic file (type eps)
 <./exp-fig/13a.eps>
File: ./exp-fig/13b.eps Graphic file (type eps)
 <./exp-fig/13b.eps>
File: ./exp-fig/13c.eps Graphic file (type eps)

<./exp-fig/13c.eps>
File: ./exp-fig/13d.eps Graphic file (type eps)
 <./exp-fig/13d.eps>
File: ./exp-fig/13e.eps Graphic file (type eps)
 <./exp-fig/13e.eps>
File: ./exp-fig/13f.eps Graphic file (type eps)

<./exp-fig/13f.eps>
LaTeX Font Info:    Font shape `OT1/phv/m/it' in size <9.53561> not available
(Font)              Font shape `OT1/phv/m/sl' tried instead on input line 160.


LaTeX Font Warning: Command \sc invalid in math mode on input line 221.


LaTeX Font Warning: Command \small invalid in math mode on input line 221.


LaTeX Font Warning: Command \sc invalid in math mode on input line 221.


LaTeX Font Warning: Command \small invalid in math mode on input line 221.

[11]
File: ./exp-fig/41a.eps Graphic file (type eps)
 <./exp-fig/41a.eps>
File: ./exp-fig/41b.eps Graphic file (type eps)
 <./exp-fig/41b.eps>
File: ./exp-fig/41c.eps Graphic file (type eps)
 <./exp-fig/41c.eps>
File: ./exp-fig/41d.eps Graphic file (type eps)

<./exp-fig/41d.eps>
File: ./exp-fig/42a.eps Graphic file (type eps)
 <./exp-fig/42a.eps>
File: ./exp-fig/42b.eps Graphic file (type eps)
 <./exp-fig/42b.eps>
File: ./exp-fig/42c.eps Graphic file (type eps)

<./exp-fig/42c.eps>
File: ./exp-fig/42d.eps Graphic file (type eps)
 <./exp-fig/42d.eps>
File: ./exp-fig/43a.eps Graphic file (type eps)
 <./exp-fig/43a.eps>
File: ./exp-fig/43b.eps Graphic file (type eps)

<./exp-fig/43b.eps>
File: ./exp-fig/43c.eps Graphic file (type eps)
 <./exp-fig/43c.eps>
File: ./exp-fig/43d.eps Graphic file (type eps)
 <./exp-fig/43d.eps>)
(D:\SVNBeiHang\eCD\paper\trunk\revision2\sec-conclude.tex
Underfull \vbox (badness 10000) has occurred while \output is active []

 [12])
(D:\SVNBeiHang\eCD\paper\trunk\revision2\paper.bbl [13]) [14]
(D:\SVNBeiHang\eCD\paper\trunk\revision2\paper.aux) )
(\end occurred inside a group at level 1)

### simple group (level 1) entered at line 22 ({)
### bottom level 
Here is how much of TeX's memory you used:
 4089 strings out of 495355
 56176 string characters out of 3183883
 134846 words of memory out of 3000000
 7131 multiletter control sequences out of 15000+200000
 47784 words of font info for 143 fonts, out of 3000000 for 9000
 17 hyphenation exceptions out of 8191
 34i,15n,28p,716b,414s stack positions out of 5000i,500n,10000p,200000b,50000s

Output written on paper.dvi (14 pages, 171544 bytes).
